[ 2017-04-24T11:18:00+08:00 ] 127.0.0.1 /index.php/Input/delete/id/37
INFO: [ app_begin ] --START--
INFO: Run Behavior\ReadHtmlCacheBehavior [ RunTime:0.002000s ]
INFO: [ app_begin ] --END-- [ RunTime:0.003000s ]
SQL: SHOW COLUMNS FROM `wms_admin` [ RunTime:0.0330s ]
SQL: SELECT a.*,a.id as user_id,GROUP_CONCAT(DISTINCT c.role_name) as role_name,e.*,e.id as privliege_id,GROUP_CONCAT(DISTINCT e.controller) as authority FROM wms_admin a LEFT JOIN wms_admin_role as b on a.id=b.admin_id LEFT JOIN wms_role as c on c.id=b.role_id LEFT JOIN wms_role_privilege as d on c.id=d.role_id LEFT JOIN wms_privilege as e on d.privliege_id=e.id  WHERE a.id = '38' GROUP BY b.admin_id LIMIT 1   [ RunTime:0.0020s ]
NOTIC: [2048] Declaration of Home\Model\GoodsModel::_after_delete() should be compatible with Think\Model::_after_delete($data, $options) E:\wamp\www\wms\Application\Home\Model\GoodsModel.class.php 第 519 行.
SQL: SHOW COLUMNS FROM `wms_goods` [ RunTime:0.0350s ]
SQL: DELETE FROM `wms_goods` WHERE `id` = 37 [ RunTime:0.0870s ]
SQL: SHOW COLUMNS FROM `wms_goods_category` [ RunTime:0.0300s ]
SQL: DELETE FROM `wms_goods_category` WHERE `goods_id` = 37 [ RunTime:0.0270s ]
SQL: SHOW COLUMNS FROM `wms_goods_attrbute` [ RunTime:0.3680s ]
SQL: DELETE FROM `wms_goods_attrbute` WHERE `goods_id` = 37 [ RunTime:0.0260s ]

[ 2017-04-24T11:21:53+08:00 ] 127.0.0.1 /index.php/Input/delete/id/38
INFO: [ app_begin ] --START--
INFO: Run Behavior\ReadHtmlCacheBehavior [ RunTime:0.002000s ]
INFO: [ app_begin ] --END-- [ RunTime:0.003000s ]
SQL: SHOW COLUMNS FROM `wms_admin` [ RunTime:0.0440s ]
SQL: SELECT a.*,a.id as user_id,GROUP_CONCAT(DISTINCT c.role_name) as role_name,e.*,e.id as privliege_id,GROUP_CONCAT(DISTINCT e.controller) as authority FROM wms_admin a LEFT JOIN wms_admin_role as b on a.id=b.admin_id LEFT JOIN wms_role as c on c.id=b.role_id LEFT JOIN wms_role_privilege as d on c.id=d.role_id LEFT JOIN wms_privilege as e on d.privliege_id=e.id  WHERE a.id = '38' GROUP BY b.admin_id LIMIT 1   [ RunTime:0.0030s ]
NOTIC: [2048] Declaration of Home\Model\GoodsModel::_after_delete() should be compatible with Think\Model::_after_delete($data, $options) E:\wamp\www\wms\Application\Home\Model\GoodsModel.class.php 第 519 行.
SQL: SHOW COLUMNS FROM `wms_goods` [ RunTime:0.0440s ]
SQL: DELETE FROM `wms_goods` WHERE `id` = 38 [ RunTime:0.0360s ]
SQL: SHOW COLUMNS FROM `wms_goods_category` [ RunTime:0.0390s ]
SQL: DELETE FROM `wms_goods_category` WHERE `goods_id` = 38 [ RunTime:0.0010s ]
SQL: SHOW COLUMNS FROM `wms_goods_attrbute` [ RunTime:0.0350s ]
SQL: DELETE FROM `wms_goods_attrbute` WHERE `goods_id` = 38 [ RunTime:0.0010s ]

[ 2017-04-24T11:23:27+08:00 ] 127.0.0.1 /index.php/Input/delete/id/39
INFO: [ app_begin ] --START--
INFO: Run Behavior\ReadHtmlCacheBehavior [ RunTime:0.003001s ]
INFO: [ app_begin ] --END-- [ RunTime:0.006001s ]
SQL: SHOW COLUMNS FROM `wms_admin` [ RunTime:0.0480s ]
SQL: SELECT a.*,a.id as user_id,GROUP_CONCAT(DISTINCT c.role_name) as role_name,e.*,e.id as privliege_id,GROUP_CONCAT(DISTINCT e.controller) as authority FROM wms_admin a LEFT JOIN wms_admin_role as b on a.id=b.admin_id LEFT JOIN wms_role as c on c.id=b.role_id LEFT JOIN wms_role_privilege as d on c.id=d.role_id LEFT JOIN wms_privilege as e on d.privliege_id=e.id  WHERE a.id = '38' GROUP BY b.admin_id LIMIT 1   [ RunTime:0.0020s ]
NOTIC: [2048] Declaration of Home\Model\GoodsModel::_after_delete() should be compatible with Think\Model::_after_delete($data, $options) E:\wamp\www\wms\Application\Home\Model\GoodsModel.class.php 第 519 行.
SQL: SHOW COLUMNS FROM `wms_goods` [ RunTime:0.0400s ]
SQL: DELETE FROM `wms_goods` WHERE `id` = 39 [ RunTime:0.0400s ]
SQL: SHOW COLUMNS FROM `wms_goods_category` [ RunTime:0.0350s ]
SQL: DELETE FROM `wms_goods_category` WHERE `goods_id` = 39 [ RunTime:0.0020s ]
SQL: SHOW COLUMNS FROM `wms_goods_attrbute` [ RunTime:0.0360s ]
SQL: DELETE FROM `wms_goods_attrbute` WHERE `goods_id` = 39 [ RunTime:0.0010s ]

[ 2017-04-24T11:23:31+08:00 ] 127.0.0.1 /index.php/Input/delete/id/40
INFO: [ app_begin ] --START--
INFO: Run Behavior\ReadHtmlCacheBehavior [ RunTime:0.001000s ]
INFO: [ app_begin ] --END-- [ RunTime:0.002001s ]
SQL: SHOW COLUMNS FROM `wms_admin` [ RunTime:0.0400s ]
SQL: SELECT a.*,a.id as user_id,GROUP_CONCAT(DISTINCT c.role_name) as role_name,e.*,e.id as privliege_id,GROUP_CONCAT(DISTINCT e.controller) as authority FROM wms_admin a LEFT JOIN wms_admin_role as b on a.id=b.admin_id LEFT JOIN wms_role as c on c.id=b.role_id LEFT JOIN wms_role_privilege as d on c.id=d.role_id LEFT JOIN wms_privilege as e on d.privliege_id=e.id  WHERE a.id = '38' GROUP BY b.admin_id LIMIT 1   [ RunTime:0.0030s ]
NOTIC: [2048] Declaration of Home\Model\GoodsModel::_after_delete() should be compatible with Think\Model::_after_delete($data, $options) E:\wamp\www\wms\Application\Home\Model\GoodsModel.class.php 第 519 行.
SQL: SHOW COLUMNS FROM `wms_goods` [ RunTime:0.0640s ]
SQL: DELETE FROM `wms_goods` WHERE `id` = 40 [ RunTime:0.0370s ]
SQL: SHOW COLUMNS FROM `wms_goods_category` [ RunTime:0.0430s ]
SQL: DELETE FROM `wms_goods_category` WHERE `goods_id` = 40 [ RunTime:0.0010s ]
SQL: SHOW COLUMNS FROM `wms_goods_attrbute` [ RunTime:0.0460s ]
SQL: DELETE FROM `wms_goods_attrbute` WHERE `goods_id` = 40 [ RunTime:0.0010s ]

[ 2017-04-24T11:26:25+08:00 ] 127.0.0.1 /index.php/Input/delete/id/41
INFO: [ app_begin ] --START--
INFO: Run Behavior\ReadHtmlCacheBehavior [ RunTime:0.002000s ]
INFO: [ app_begin ] --END-- [ RunTime:0.003000s ]
SQL: SHOW COLUMNS FROM `wms_admin` [ RunTime:0.0370s ]
SQL: SELECT a.*,a.id as user_id,GROUP_CONCAT(DISTINCT c.role_name) as role_name,e.*,e.id as privliege_id,GROUP_CONCAT(DISTINCT e.controller) as authority FROM wms_admin a LEFT JOIN wms_admin_role as b on a.id=b.admin_id LEFT JOIN wms_role as c on c.id=b.role_id LEFT JOIN wms_role_privilege as d on c.id=d.role_id LEFT JOIN wms_privilege as e on d.privliege_id=e.id  WHERE a.id = '38' GROUP BY b.admin_id LIMIT 1   [ RunTime:0.0030s ]
NOTIC: [2048] Declaration of Home\Model\GoodsModel::_after_delete() should be compatible with Think\Model::_after_delete($data, $options) E:\wamp\www\wms\Application\Home\Model\GoodsModel.class.php 第 519 行.
SQL: SHOW COLUMNS FROM `wms_goods` [ RunTime:0.0440s ]
SQL: DELETE FROM `wms_goods` WHERE `id` = 41 [ RunTime:0.0350s ]
SQL: SHOW COLUMNS FROM `wms_goods_category` [ RunTime:0.0350s ]
SQL: DELETE FROM `wms_goods_category` WHERE `goods_id` = 41 [ RunTime:0.0020s ]
SQL: SHOW COLUMNS FROM `wms_goods_attrbute` [ RunTime:0.0350s ]
SQL: DELETE FROM `wms_goods_attrbute` WHERE `goods_id` = 41 [ RunTime:0.0020s ]

[ 2017-04-24T11:26:30+08:00 ] 127.0.0.1 /index.php/Input/delete/id/42
INFO: [ app_begin ] --START--
INFO: Run Behavior\ReadHtmlCacheBehavior [ RunTime:0.001000s ]
INFO: [ app_begin ] --END-- [ RunTime:0.002000s ]
SQL: SHOW COLUMNS FROM `wms_admin` [ RunTime:0.0330s ]
SQL: SELECT a.*,a.id as user_id,GROUP_CONCAT(DISTINCT c.role_name) as role_name,e.*,e.id as privliege_id,GROUP_CONCAT(DISTINCT e.controller) as authority FROM wms_admin a LEFT JOIN wms_admin_role as b on a.id=b.admin_id LEFT JOIN wms_role as c on c.id=b.role_id LEFT JOIN wms_role_privilege as d on c.id=d.role_id LEFT JOIN wms_privilege as e on d.privliege_id=e.id  WHERE a.id = '38' GROUP BY b.admin_id LIMIT 1   [ RunTime:0.0010s ]
NOTIC: [2048] Declaration of Home\Model\GoodsModel::_after_delete() should be compatible with Think\Model::_after_delete($data, $options) E:\wamp\www\wms\Application\Home\Model\GoodsModel.class.php 第 519 行.
SQL: SHOW COLUMNS FROM `wms_goods` [ RunTime:0.0350s ]
SQL: DELETE FROM `wms_goods` WHERE `id` = 42 [ RunTime:0.0260s ]
SQL: SHOW COLUMNS FROM `wms_goods_category` [ RunTime:0.0590s ]
SQL: DELETE FROM `wms_goods_category` WHERE `goods_id` = 42 [ RunTime:0.0010s ]
SQL: SHOW COLUMNS FROM `wms_goods_attrbute` [ RunTime:0.0360s ]
SQL: DELETE FROM `wms_goods_attrbute` WHERE `goods_id` = 42 [ RunTime:0.0010s ]

[ 2017-04-24T11:26:34+08:00 ] 127.0.0.1 /index.php/Input/delete/id/43
INFO: [ app_begin ] --START--
INFO: Run Behavior\ReadHtmlCacheBehavior [ RunTime:0.001000s ]
INFO: [ app_begin ] --END-- [ RunTime:0.003000s ]
SQL: SHOW COLUMNS FROM `wms_admin` [ RunTime:0.0450s ]
SQL: SELECT a.*,a.id as user_id,GROUP_CONCAT(DISTINCT c.role_name) as role_name,e.*,e.id as privliege_id,GROUP_CONCAT(DISTINCT e.controller) as authority FROM wms_admin a LEFT JOIN wms_admin_role as b on a.id=b.admin_id LEFT JOIN wms_role as c on c.id=b.role_id LEFT JOIN wms_role_privilege as d on c.id=d.role_id LEFT JOIN wms_privilege as e on d.privliege_id=e.id  WHERE a.id = '38' GROUP BY b.admin_id LIMIT 1   [ RunTime:0.0020s ]
NOTIC: [2048] Declaration of Home\Model\GoodsModel::_after_delete() should be compatible with Think\Model::_after_delete($data, $options) E:\wamp\www\wms\Application\Home\Model\GoodsModel.class.php 第 519 行.
SQL: SHOW COLUMNS FROM `wms_goods` [ RunTime:0.0400s ]
SQL: DELETE FROM `wms_goods` WHERE `id` = 43 [ RunTime:0.0340s ]
SQL: SHOW COLUMNS FROM `wms_goods_category` [ RunTime:0.0500s ]
SQL: DELETE FROM `wms_goods_category` WHERE `goods_id` = 43 [ RunTime:0.0000s ]
SQL: SHOW COLUMNS FROM `wms_goods_attrbute` [ RunTime:0.0410s ]
SQL: DELETE FROM `wms_goods_attrbute` WHERE `goods_id` = 43 [ RunTime:0.0010s ]

[ 2017-04-24T11:31:48+08:00 ] 127.0.0.1 /index.php/Input/delete/id/44
INFO: [ app_begin ] --START--
INFO: Run Behavior\ReadHtmlCacheBehavior [ RunTime:0.002000s ]
INFO: [ app_begin ] --END-- [ RunTime:0.004000s ]
SQL: SHOW COLUMNS FROM `wms_admin` [ RunTime:0.0330s ]
SQL: SELECT a.*,a.id as user_id,GROUP_CONCAT(DISTINCT c.role_name) as role_name,e.*,e.id as privliege_id,GROUP_CONCAT(DISTINCT e.controller) as authority FROM wms_admin a LEFT JOIN wms_admin_role as b on a.id=b.admin_id LEFT JOIN wms_role as c on c.id=b.role_id LEFT JOIN wms_role_privilege as d on c.id=d.role_id LEFT JOIN wms_privilege as e on d.privliege_id=e.id  WHERE a.id = '38' GROUP BY b.admin_id LIMIT 1   [ RunTime:0.0040s ]
NOTIC: [2048] Declaration of Home\Model\GoodsModel::_after_delete() should be compatible with Think\Model::_after_delete($data, $options) E:\wamp\www\wms\Application\Home\Model\GoodsModel.class.php 第 519 行.
SQL: SHOW COLUMNS FROM `wms_goods` [ RunTime:0.0330s ]
SQL: DELETE FROM `wms_goods` WHERE `id` = 44 [ RunTime:0.0380s ]
SQL: SHOW COLUMNS FROM `wms_goods_category` [ RunTime:0.0340s ]
SQL: DELETE FROM `wms_goods_category` WHERE `goods_id` = 44 [ RunTime:0.0010s ]
SQL: SHOW COLUMNS FROM `wms_goods_attrbute` [ RunTime:0.0350s ]
SQL: DELETE FROM `wms_goods_attrbute` WHERE `goods_id` = 44 [ RunTime:0.0020s ]

[ 2017-04-24T11:32:15+08:00 ] 127.0.0.1 /index.php/Input/delete/id/45
INFO: [ app_begin ] --START--
INFO: Run Behavior\ReadHtmlCacheBehavior [ RunTime:0.002000s ]
INFO: [ app_begin ] --END-- [ RunTime:0.002000s ]
SQL: SHOW COLUMNS FROM `wms_admin` [ RunTime:0.0390s ]
SQL: SELECT a.*,a.id as user_id,GROUP_CONCAT(DISTINCT c.role_name) as role_name,e.*,e.id as privliege_id,GROUP_CONCAT(DISTINCT e.controller) as authority FROM wms_admin a LEFT JOIN wms_admin_role as b on a.id=b.admin_id LEFT JOIN wms_role as c on c.id=b.role_id LEFT JOIN wms_role_privilege as d on c.id=d.role_id LEFT JOIN wms_privilege as e on d.privliege_id=e.id  WHERE a.id = '38' GROUP BY b.admin_id LIMIT 1   [ RunTime:0.0020s ]
NOTIC: [2048] Declaration of Home\Model\GoodsModel::_after_delete() should be compatible with Think\Model::_after_delete($data, $options) E:\wamp\www\wms\Application\Home\Model\GoodsModel.class.php 第 519 行.
SQL: SHOW COLUMNS FROM `wms_goods` [ RunTime:0.0350s ]
SQL: DELETE FROM `wms_goods` WHERE `id` = 45 [ RunTime:0.0520s ]
SQL: SHOW COLUMNS FROM `wms_goods_category` [ RunTime:0.0360s ]
SQL: DELETE FROM `wms_goods_category` WHERE `goods_id` = 45 [ RunTime:0.0010s ]
SQL: SHOW COLUMNS FROM `wms_goods_attrbute` [ RunTime:0.0360s ]
SQL: DELETE FROM `wms_goods_attrbute` WHERE `goods_id` = 45 [ RunTime:0.0020s ]

[ 2017-04-24T11:32:17+08:00 ] 127.0.0.1 /index.php/Input/delete/id/46
INFO: [ app_begin ] --START--
INFO: Run Behavior\ReadHtmlCacheBehavior [ RunTime:0.003000s ]
INFO: [ app_begin ] --END-- [ RunTime:0.006000s ]
SQL: SHOW COLUMNS FROM `wms_admin` [ RunTime:0.0450s ]
SQL: SELECT a.*,a.id as user_id,GROUP_CONCAT(DISTINCT c.role_name) as role_name,e.*,e.id as privliege_id,GROUP_CONCAT(DISTINCT e.controller) as authority FROM wms_admin a LEFT JOIN wms_admin_role as b on a.id=b.admin_id LEFT JOIN wms_role as c on c.id=b.role_id LEFT JOIN wms_role_privilege as d on c.id=d.role_id LEFT JOIN wms_privilege as e on d.privliege_id=e.id  WHERE a.id = '38' GROUP BY b.admin_id LIMIT 1   [ RunTime:0.0030s ]
NOTIC: [2048] Declaration of Home\Model\GoodsModel::_after_delete() should be compatible with Think\Model::_after_delete($data, $options) E:\wamp\www\wms\Application\Home\Model\GoodsModel.class.php 第 519 行.
SQL: SHOW COLUMNS FROM `wms_goods` [ RunTime:0.0480s ]
SQL: DELETE FROM `wms_goods` WHERE `id` = 46 [ RunTime:0.0610s ]
SQL: SHOW COLUMNS FROM `wms_goods_category` [ RunTime:0.0520s ]
SQL: DELETE FROM `wms_goods_category` WHERE `goods_id` = 46 [ RunTime:0.0010s ]
SQL: SHOW COLUMNS FROM `wms_goods_attrbute` [ RunTime:0.0590s ]
SQL: DELETE FROM `wms_goods_attrbute` WHERE `goods_id` = 46 [ RunTime:0.0010s ]

[ 2017-04-24T11:32:19+08:00 ] 127.0.0.1 /index.php/Input/delete/id/46
INFO: [ app_begin ] --START--
INFO: Run Behavior\ReadHtmlCacheBehavior [ RunTime:0.003000s ]
INFO: [ app_begin ] --END-- [ RunTime:0.004000s ]
SQL: SHOW COLUMNS FROM `wms_admin` [ RunTime:0.0360s ]
SQL: SELECT a.*,a.id as user_id,GROUP_CONCAT(DISTINCT c.role_name) as role_name,e.*,e.id as privliege_id,GROUP_CONCAT(DISTINCT e.controller) as authority FROM wms_admin a LEFT JOIN wms_admin_role as b on a.id=b.admin_id LEFT JOIN wms_role as c on c.id=b.role_id LEFT JOIN wms_role_privilege as d on c.id=d.role_id LEFT JOIN wms_privilege as e on d.privliege_id=e.id  WHERE a.id = '38' GROUP BY b.admin_id LIMIT 1   [ RunTime:0.0020s ]
NOTIC: [2048] Declaration of Home\Model\GoodsModel::_after_delete() should be compatible with Think\Model::_after_delete($data, $options) E:\wamp\www\wms\Application\Home\Model\GoodsModel.class.php 第 519 行.
SQL: SHOW COLUMNS FROM `wms_goods` [ RunTime:0.0440s ]
SQL: DELETE FROM `wms_goods` WHERE `id` = 46 [ RunTime:0.0000s ]
SQL: SHOW COLUMNS FROM `wms_goods_category` [ RunTime:0.0360s ]
SQL: DELETE FROM `wms_goods_category` WHERE `goods_id` = 46 [ RunTime:0.0010s ]
SQL: SHOW COLUMNS FROM `wms_goods_attrbute` [ RunTime:0.0390s ]
SQL: DELETE FROM `wms_goods_attrbute` WHERE `goods_id` = 46 [ RunTime:0.0010s ]

[ 2017-04-24T11:32:25+08:00 ] 127.0.0.1 /index.php/Input/delete/id/47
INFO: [ app_begin ] --START--
INFO: Run Behavior\ReadHtmlCacheBehavior [ RunTime:0.004000s ]
INFO: [ app_begin ] --END-- [ RunTime:0.005000s ]
SQL: SHOW COLUMNS FROM `wms_admin` [ RunTime:0.0320s ]
SQL: SELECT a.*,a.id as user_id,GROUP_CONCAT(DISTINCT c.role_name) as role_name,e.*,e.id as privliege_id,GROUP_CONCAT(DISTINCT e.controller) as authority FROM wms_admin a LEFT JOIN wms_admin_role as b on a.id=b.admin_id LEFT JOIN wms_role as c on c.id=b.role_id LEFT JOIN wms_role_privilege as d on c.id=d.role_id LEFT JOIN wms_privilege as e on d.privliege_id=e.id  WHERE a.id = '38' GROUP BY b.admin_id LIMIT 1   [ RunTime:0.0020s ]
NOTIC: [2048] Declaration of Home\Model\GoodsModel::_after_delete() should be compatible with Think\Model::_after_delete($data, $options) E:\wamp\www\wms\Application\Home\Model\GoodsModel.class.php 第 519 行.
SQL: SHOW COLUMNS FROM `wms_goods` [ RunTime:0.0310s ]
SQL: DELETE FROM `wms_goods` WHERE `id` = 47 [ RunTime:0.0190s ]
SQL: SHOW COLUMNS FROM `wms_goods_category` [ RunTime:0.0500s ]
SQL: DELETE FROM `wms_goods_category` WHERE `goods_id` = 47 [ RunTime:0.0010s ]
SQL: SHOW COLUMNS FROM `wms_goods_attrbute` [ RunTime:0.0320s ]
SQL: DELETE FROM `wms_goods_attrbute` WHERE `goods_id` = 47 [ RunTime:0.0020s ]

[ 2017-04-24T11:34:15+08:00 ] 127.0.0.1 /index.php/Input/delete/id/48
INFO: [ app_begin ] --START--
INFO: Run Behavior\ReadHtmlCacheBehavior [ RunTime:0.002000s ]
INFO: [ app_begin ] --END-- [ RunTime:0.003000s ]
SQL: SHOW COLUMNS FROM `wms_admin` [ RunTime:0.0350s ]
SQL: SELECT a.*,a.id as user_id,GROUP_CONCAT(DISTINCT c.role_name) as role_name,e.*,e.id as privliege_id,GROUP_CONCAT(DISTINCT e.controller) as authority FROM wms_admin a LEFT JOIN wms_admin_role as b on a.id=b.admin_id LEFT JOIN wms_role as c on c.id=b.role_id LEFT JOIN wms_role_privilege as d on c.id=d.role_id LEFT JOIN wms_privilege as e on d.privliege_id=e.id  WHERE a.id = '38' GROUP BY b.admin_id LIMIT 1   [ RunTime:0.0030s ]
NOTIC: [2048] Declaration of Home\Model\GoodsModel::_after_delete() should be compatible with Think\Model::_after_delete($data, $options) E:\wamp\www\wms\Application\Home\Model\GoodsModel.class.php 第 519 行.
SQL: SHOW COLUMNS FROM `wms_goods` [ RunTime:0.0320s ]
SQL: DELETE FROM `wms_goods` WHERE `id` = 48 [ RunTime:0.0390s ]
SQL: SHOW COLUMNS FROM `wms_goods_category` [ RunTime:0.0410s ]
SQL: DELETE FROM `wms_goods_category` WHERE `goods_id` = 48 [ RunTime:0.0010s ]
SQL: SHOW COLUMNS FROM `wms_goods_attrbute` [ RunTime:0.0370s ]
SQL: DELETE FROM `wms_goods_attrbute` WHERE `goods_id` = 48 [ RunTime:0.0010s ]

[ 2017-04-24T11:34:19+08:00 ] 127.0.0.1 /index.php/Input/delete/id/49
INFO: [ app_begin ] --START--
INFO: Run Behavior\ReadHtmlCacheBehavior [ RunTime:0.002000s ]
INFO: [ app_begin ] --END-- [ RunTime:0.002000s ]
SQL: SHOW COLUMNS FROM `wms_admin` [ RunTime:0.0330s ]
SQL: SELECT a.*,a.id as user_id,GROUP_CONCAT(DISTINCT c.role_name) as role_name,e.*,e.id as privliege_id,GROUP_CONCAT(DISTINCT e.controller) as authority FROM wms_admin a LEFT JOIN wms_admin_role as b on a.id=b.admin_id LEFT JOIN wms_role as c on c.id=b.role_id LEFT JOIN wms_role_privilege as d on c.id=d.role_id LEFT JOIN wms_privilege as e on d.privliege_id=e.id  WHERE a.id = '38' GROUP BY b.admin_id LIMIT 1   [ RunTime:0.0030s ]
NOTIC: [2048] Declaration of Home\Model\GoodsModel::_after_delete() should be compatible with Think\Model::_after_delete($data, $options) E:\wamp\www\wms\Application\Home\Model\GoodsModel.class.php 第 519 行.
SQL: SHOW COLUMNS FROM `wms_goods` [ RunTime:0.0570s ]
SQL: DELETE FROM `wms_goods` WHERE `id` = 49 [ RunTime:0.0420s ]
SQL: SHOW COLUMNS FROM `wms_goods_category` [ RunTime:0.0580s ]
SQL: DELETE FROM `wms_goods_category` WHERE `goods_id` = 49 [ RunTime:0.0010s ]
SQL: SHOW COLUMNS FROM `wms_goods_attrbute` [ RunTime:0.0370s ]
SQL: DELETE FROM `wms_goods_attrbute` WHERE `goods_id` = 49 [ RunTime:0.0040s ]

[ 2017-04-24T11:34:23+08:00 ] 127.0.0.1 /index.php/Input/delete/id/50
INFO: [ app_begin ] --START--
INFO: Run Behavior\ReadHtmlCacheBehavior [ RunTime:0.002000s ]
INFO: [ app_begin ] --END-- [ RunTime:0.003000s ]
SQL: SHOW COLUMNS FROM `wms_admin` [ RunTime:0.0370s ]
SQL: SELECT a.*,a.id as user_id,GROUP_CONCAT(DISTINCT c.role_name) as role_name,e.*,e.id as privliege_id,GROUP_CONCAT(DISTINCT e.controller) as authority FROM wms_admin a LEFT JOIN wms_admin_role as b on a.id=b.admin_id LEFT JOIN wms_role as c on c.id=b.role_id LEFT JOIN wms_role_privilege as d on c.id=d.role_id LEFT JOIN wms_privilege as e on d.privliege_id=e.id  WHERE a.id = '38' GROUP BY b.admin_id LIMIT 1   [ RunTime:0.0020s ]
NOTIC: [2048] Declaration of Home\Model\GoodsModel::_after_delete() should be compatible with Think\Model::_after_delete($data, $options) E:\wamp\www\wms\Application\Home\Model\GoodsModel.class.php 第 519 行.
SQL: SHOW COLUMNS FROM `wms_goods` [ RunTime:0.0410s ]
SQL: DELETE FROM `wms_goods` WHERE `id` = 50 [ RunTime:0.0310s ]
SQL: SHOW COLUMNS FROM `wms_goods_category` [ RunTime:0.0440s ]
SQL: DELETE FROM `wms_goods_category` WHERE `goods_id` = 50 [ RunTime:0.0010s ]
SQL: SHOW COLUMNS FROM `wms_goods_attrbute` [ RunTime:0.0390s ]
SQL: DELETE FROM `wms_goods_attrbute` WHERE `goods_id` = 50 [ RunTime:0.0010s ]

[ 2017-04-24T11:35:23+08:00 ] 127.0.0.1 /index.php/Input/delete/id/51
INFO: [ app_begin ] --START--
INFO: Run Behavior\ReadHtmlCacheBehavior [ RunTime:0.002000s ]
INFO: [ app_begin ] --END-- [ RunTime:0.003000s ]
SQL: SHOW COLUMNS FROM `wms_admin` [ RunTime:0.0390s ]
SQL: SELECT a.*,a.id as user_id,GROUP_CONCAT(DISTINCT c.role_name) as role_name,e.*,e.id as privliege_id,GROUP_CONCAT(DISTINCT e.controller) as authority FROM wms_admin a LEFT JOIN wms_admin_role as b on a.id=b.admin_id LEFT JOIN wms_role as c on c.id=b.role_id LEFT JOIN wms_role_privilege as d on c.id=d.role_id LEFT JOIN wms_privilege as e on d.privliege_id=e.id  WHERE a.id = '38' GROUP BY b.admin_id LIMIT 1   [ RunTime:0.0030s ]
NOTIC: [2048] Declaration of Home\Model\GoodsModel::_after_delete() should be compatible with Think\Model::_after_delete($data, $options) E:\wamp\www\wms\Application\Home\Model\GoodsModel.class.php 第 519 行.
SQL: SHOW COLUMNS FROM `wms_goods` [ RunTime:0.0300s ]
SQL: DELETE FROM `wms_goods` WHERE `id` = 51 [ RunTime:0.0370s ]
SQL: SHOW COLUMNS FROM `wms_goods_category` [ RunTime:0.0310s ]
SQL: DELETE FROM `wms_goods_category` WHERE `goods_id` = 51 [ RunTime:0.0010s ]
SQL: SHOW COLUMNS FROM `wms_goods_attrbute` [ RunTime:0.0320s ]
SQL: DELETE FROM `wms_goods_attrbute` WHERE `goods_id` = 51 [ RunTime:0.0010s ]

[ 2017-04-24T11:36:23+08:00 ] 127.0.0.1 /index.php/Input/delete/id/52
INFO: [ app_begin ] --START--
INFO: Run Behavior\ReadHtmlCacheBehavior [ RunTime:0.001000s ]
INFO: [ app_begin ] --END-- [ RunTime:0.002000s ]
SQL: SHOW COLUMNS FROM `wms_admin` [ RunTime:0.0360s ]
SQL: SELECT a.*,a.id as user_id,GROUP_CONCAT(DISTINCT c.role_name) as role_name,e.*,e.id as privliege_id,GROUP_CONCAT(DISTINCT e.controller) as authority FROM wms_admin a LEFT JOIN wms_admin_role as b on a.id=b.admin_id LEFT JOIN wms_role as c on c.id=b.role_id LEFT JOIN wms_role_privilege as d on c.id=d.role_id LEFT JOIN wms_privilege as e on d.privliege_id=e.id  WHERE a.id = '38' GROUP BY b.admin_id LIMIT 1   [ RunTime:0.0030s ]
NOTIC: [2048] Declaration of Home\Model\GoodsModel::_after_delete() should be compatible with Think\Model::_after_delete($data, $options) E:\wamp\www\wms\Application\Home\Model\GoodsModel.class.php 第 519 行.
SQL: SHOW COLUMNS FROM `wms_goods` [ RunTime:0.0370s ]
SQL: DELETE FROM `wms_goods` WHERE `id` = 52 [ RunTime:0.0450s ]
SQL: SHOW COLUMNS FROM `wms_goods_category` [ RunTime:0.0360s ]
SQL: DELETE FROM `wms_goods_category` WHERE `goods_id` = 52 [ RunTime:0.0010s ]
SQL: SHOW COLUMNS FROM `wms_goods_attrbute` [ RunTime:0.0390s ]
SQL: DELETE FROM `wms_goods_attrbute` WHERE `goods_id` = 52 [ RunTime:0.0010s ]

[ 2017-04-24T11:37:50+08:00 ] 127.0.0.1 /index.php/Input/delete/id/53
INFO: [ app_begin ] --START--
INFO: Run Behavior\ReadHtmlCacheBehavior [ RunTime:0.004000s ]
INFO: [ app_begin ] --END-- [ RunTime:0.006000s ]
SQL: SHOW COLUMNS FROM `wms_admin` [ RunTime:0.0330s ]
SQL: SELECT a.*,a.id as user_id,GROUP_CONCAT(DISTINCT c.role_name) as role_name,e.*,e.id as privliege_id,GROUP_CONCAT(DISTINCT e.controller) as authority FROM wms_admin a LEFT JOIN wms_admin_role as b on a.id=b.admin_id LEFT JOIN wms_role as c on c.id=b.role_id LEFT JOIN wms_role_privilege as d on c.id=d.role_id LEFT JOIN wms_privilege as e on d.privliege_id=e.id  WHERE a.id = '38' GROUP BY b.admin_id LIMIT 1   [ RunTime:0.0030s ]
NOTIC: [2048] Declaration of Home\Model\GoodsModel::_after_delete() should be compatible with Think\Model::_after_delete($data, $options) E:\wamp\www\wms\Application\Home\Model\GoodsModel.class.php 第 519 行.
SQL: SHOW COLUMNS FROM `wms_goods` [ RunTime:0.0310s ]
SQL: DELETE FROM `wms_goods` WHERE `id` = 53 [ RunTime:0.0330s ]
SQL: SHOW COLUMNS FROM `wms_goods_category` [ RunTime:0.0290s ]
SQL: DELETE FROM `wms_goods_category` WHERE `goods_id` = 53 [ RunTime:0.0010s ]
SQL: SHOW COLUMNS FROM `wms_goods_attrbute` [ RunTime:0.0380s ]
SQL: DELETE FROM `wms_goods_attrbute` WHERE `goods_id` = 53 [ RunTime:0.0010s ]

