[ 2017-03-24T10:22:55+08:00 ] 127.0.0.1 /index.php/Input/delete/id/37
INFO: [ app_begin ] --START--
INFO: Run Behavior\ReadHtmlCacheBehavior [ RunTime:0.000000s ]
INFO: [ app_begin ] --END-- [ RunTime:0.015600s ]
SQL: SHOW COLUMNS FROM `wms_admin` [ RunTime:0.0498s ]
SQL: SELECT a.*,a.id as user_id,GROUP_CONCAT(DISTINCT c.role_name) as role_name,e.*,e.id as privliege_id,GROUP_CONCAT(DISTINCT e.controller) as authority FROM wms_admin a LEFT JOIN wms_admin_role as b on a.id=b.admin_id LEFT JOIN wms_role as c on c.id=b.role_id LEFT JOIN wms_role_privilege as d on c.id=d.role_id LEFT JOIN wms_privilege as e on d.privliege_id=e.id  WHERE a.id = '38' GROUP BY b.admin_id LIMIT 1   [ RunTime:0.0000s ]
NOTIC: [2048] Declaration of Home\Model\GoodsModel::_after_delete() should be compatible with Think\Model::_after_delete($data, $options) E:\wamp\www\wms\Application\Home\Model\GoodsModel.class.php 第 519 行.
SQL: SHOW COLUMNS FROM `wms_goods` [ RunTime:0.0156s ]
SQL: DELETE FROM `wms_goods` WHERE `id` = 37 [ RunTime:0.0226s ]
SQL: SHOW COLUMNS FROM `wms_goods_category` [ RunTime:0.0312s ]
SQL: DELETE FROM `wms_goods_category` WHERE `goods_id` = 37 [ RunTime:0.0000s ]
SQL: SHOW COLUMNS FROM `wms_goods_attrbute` [ RunTime:0.0312s ]
SQL: DELETE FROM `wms_goods_attrbute` WHERE `goods_id` = 37 [ RunTime:0.0000s ]

[ 2017-03-24T10:22:57+08:00 ] 127.0.0.1 /index.php/Input/delete/id/38
INFO: [ app_begin ] --START--
INFO: Run Behavior\ReadHtmlCacheBehavior [ RunTime:0.000000s ]
INFO: [ app_begin ] --END-- [ RunTime:0.000000s ]
SQL: SHOW COLUMNS FROM `wms_admin` [ RunTime:0.0060s ]
SQL: SELECT a.*,a.id as user_id,GROUP_CONCAT(DISTINCT c.role_name) as role_name,e.*,e.id as privliege_id,GROUP_CONCAT(DISTINCT e.controller) as authority FROM wms_admin a LEFT JOIN wms_admin_role as b on a.id=b.admin_id LEFT JOIN wms_role as c on c.id=b.role_id LEFT JOIN wms_role_privilege as d on c.id=d.role_id LEFT JOIN wms_privilege as e on d.privliege_id=e.id  WHERE a.id = '38' GROUP BY b.admin_id LIMIT 1   [ RunTime:0.0010s ]
NOTIC: [2048] Declaration of Home\Model\GoodsModel::_after_delete() should be compatible with Think\Model::_after_delete($data, $options) E:\wamp\www\wms\Application\Home\Model\GoodsModel.class.php 第 519 行.
SQL: SHOW COLUMNS FROM `wms_goods` [ RunTime:0.0160s ]
SQL: DELETE FROM `wms_goods` WHERE `id` = 38 [ RunTime:0.0674s ]
SQL: SHOW COLUMNS FROM `wms_goods_category` [ RunTime:0.0010s ]
SQL: DELETE FROM `wms_goods_category` WHERE `goods_id` = 38 [ RunTime:0.0000s ]
SQL: SHOW COLUMNS FROM `wms_goods_attrbute` [ RunTime:0.0090s ]
SQL: DELETE FROM `wms_goods_attrbute` WHERE `goods_id` = 38 [ RunTime:0.0010s ]

[ 2017-03-24T10:34:11+08:00 ] 127.0.0.1 /index.php/Input/delete/id/46
INFO: [ app_begin ] --START--
INFO: Run Behavior\ReadHtmlCacheBehavior [ RunTime:0.015600s ]
INFO: [ app_begin ] --END-- [ RunTime:0.032200s ]
SQL: SHOW COLUMNS FROM `wms_admin` [ RunTime:0.0156s ]
SQL: SELECT a.*,a.id as user_id,GROUP_CONCAT(DISTINCT c.role_name) as role_name,e.*,e.id as privliege_id,GROUP_CONCAT(DISTINCT e.controller) as authority FROM wms_admin a LEFT JOIN wms_admin_role as b on a.id=b.admin_id LEFT JOIN wms_role as c on c.id=b.role_id LEFT JOIN wms_role_privilege as d on c.id=d.role_id LEFT JOIN wms_privilege as e on d.privliege_id=e.id  WHERE a.id = '38' GROUP BY b.admin_id LIMIT 1   [ RunTime:0.0000s ]
NOTIC: [2048] Declaration of Home\Model\GoodsModel::_after_delete() should be compatible with Think\Model::_after_delete($data, $options) E:\wamp\www\wms\Application\Home\Model\GoodsModel.class.php 第 519 行.
SQL: SHOW COLUMNS FROM `wms_goods` [ RunTime:0.0156s ]
SQL: DELETE FROM `wms_goods` WHERE `id` = 46 [ RunTime:0.0468s ]
SQL: SHOW COLUMNS FROM `wms_goods_category` [ RunTime:0.0312s ]
SQL: DELETE FROM `wms_goods_category` WHERE `goods_id` = 46 [ RunTime:0.0000s ]
SQL: SHOW COLUMNS FROM `wms_goods_attrbute` [ RunTime:0.0312s ]
SQL: DELETE FROM `wms_goods_attrbute` WHERE `goods_id` = 46 [ RunTime:0.0000s ]

[ 2017-03-24T10:34:16+08:00 ] 127.0.0.1 /index.php/Input/delete/id/41
INFO: [ app_begin ] --START--
INFO: Run Behavior\ReadHtmlCacheBehavior [ RunTime:0.015600s ]
INFO: [ app_begin ] --END-- [ RunTime:0.032200s ]
SQL: SHOW COLUMNS FROM `wms_admin` [ RunTime:0.0156s ]
SQL: SELECT a.*,a.id as user_id,GROUP_CONCAT(DISTINCT c.role_name) as role_name,e.*,e.id as privliege_id,GROUP_CONCAT(DISTINCT e.controller) as authority FROM wms_admin a LEFT JOIN wms_admin_role as b on a.id=b.admin_id LEFT JOIN wms_role as c on c.id=b.role_id LEFT JOIN wms_role_privilege as d on c.id=d.role_id LEFT JOIN wms_privilege as e on d.privliege_id=e.id  WHERE a.id = '38' GROUP BY b.admin_id LIMIT 1   [ RunTime:0.0000s ]
NOTIC: [2048] Declaration of Home\Model\GoodsModel::_after_delete() should be compatible with Think\Model::_after_delete($data, $options) E:\wamp\www\wms\Application\Home\Model\GoodsModel.class.php 第 519 行.
SQL: SHOW COLUMNS FROM `wms_goods` [ RunTime:0.0156s ]
SQL: DELETE FROM `wms_goods` WHERE `id` = 41 [ RunTime:0.0624s ]
SQL: SHOW COLUMNS FROM `wms_goods_category` [ RunTime:0.0156s ]
SQL: DELETE FROM `wms_goods_category` WHERE `goods_id` = 41 [ RunTime:0.0000s ]
SQL: SHOW COLUMNS FROM `wms_goods_attrbute` [ RunTime:0.0010s ]
SQL: DELETE FROM `wms_goods_attrbute` WHERE `goods_id` = 41 [ RunTime:0.0000s ]

[ 2017-03-24T10:34:18+08:00 ] 127.0.0.1 /index.php/Input/delete/id/41
INFO: [ app_begin ] --START--
INFO: Run Behavior\ReadHtmlCacheBehavior [ RunTime:0.004000s ]
INFO: [ app_begin ] --END-- [ RunTime:0.005000s ]
SQL: SHOW COLUMNS FROM `wms_admin` [ RunTime:0.0330s ]
SQL: SELECT a.*,a.id as user_id,GROUP_CONCAT(DISTINCT c.role_name) as role_name,e.*,e.id as privliege_id,GROUP_CONCAT(DISTINCT e.controller) as authority FROM wms_admin a LEFT JOIN wms_admin_role as b on a.id=b.admin_id LEFT JOIN wms_role as c on c.id=b.role_id LEFT JOIN wms_role_privilege as d on c.id=d.role_id LEFT JOIN wms_privilege as e on d.privliege_id=e.id  WHERE a.id = '38' GROUP BY b.admin_id LIMIT 1   [ RunTime:0.0060s ]
NOTIC: [2048] Declaration of Home\Model\GoodsModel::_after_delete() should be compatible with Think\Model::_after_delete($data, $options) E:\wamp\www\wms\Application\Home\Model\GoodsModel.class.php 第 519 行.
SQL: SHOW COLUMNS FROM `wms_goods` [ RunTime:0.0380s ]
SQL: DELETE FROM `wms_goods` WHERE `id` = 41 [ RunTime:0.0000s ]
SQL: SHOW COLUMNS FROM `wms_goods_category` [ RunTime:0.0340s ]
SQL: DELETE FROM `wms_goods_category` WHERE `goods_id` = 41 [ RunTime:0.0010s ]
SQL: SHOW COLUMNS FROM `wms_goods_attrbute` [ RunTime:0.0460s ]
SQL: DELETE FROM `wms_goods_attrbute` WHERE `goods_id` = 41 [ RunTime:0.0010s ]

[ 2017-03-24T10:34:20+08:00 ] 127.0.0.1 /index.php/Input/delete/id/42
INFO: [ app_begin ] --START--
INFO: Run Behavior\ReadHtmlCacheBehavior [ RunTime:0.031200s ]
INFO: [ app_begin ] --END-- [ RunTime:0.032200s ]
SQL: SHOW COLUMNS FROM `wms_admin` [ RunTime:0.0156s ]
SQL: SELECT a.*,a.id as user_id,GROUP_CONCAT(DISTINCT c.role_name) as role_name,e.*,e.id as privliege_id,GROUP_CONCAT(DISTINCT e.controller) as authority FROM wms_admin a LEFT JOIN wms_admin_role as b on a.id=b.admin_id LEFT JOIN wms_role as c on c.id=b.role_id LEFT JOIN wms_role_privilege as d on c.id=d.role_id LEFT JOIN wms_privilege as e on d.privliege_id=e.id  WHERE a.id = '38' GROUP BY b.admin_id LIMIT 1   [ RunTime:0.0000s ]
NOTIC: [2048] Declaration of Home\Model\GoodsModel::_after_delete() should be compatible with Think\Model::_after_delete($data, $options) E:\wamp\www\wms\Application\Home\Model\GoodsModel.class.php 第 519 行.
SQL: SHOW COLUMNS FROM `wms_goods` [ RunTime:0.0010s ]
SQL: DELETE FROM `wms_goods` WHERE `id` = 42 [ RunTime:0.0226s ]
SQL: SHOW COLUMNS FROM `wms_goods_category` [ RunTime:0.0140s ]
SQL: DELETE FROM `wms_goods_category` WHERE `goods_id` = 42 [ RunTime:0.0000s ]
SQL: SHOW COLUMNS FROM `wms_goods_attrbute` [ RunTime:0.0160s ]
SQL: DELETE FROM `wms_goods_attrbute` WHERE `goods_id` = 42 [ RunTime:0.0000s ]

[ 2017-03-24T10:34:22+08:00 ] 127.0.0.1 /index.php/Input/delete/id/42
INFO: [ app_begin ] --START--
INFO: Run Behavior\ReadHtmlCacheBehavior [ RunTime:0.015600s ]
INFO: [ app_begin ] --END-- [ RunTime:0.015600s ]
SQL: SHOW COLUMNS FROM `wms_admin` [ RunTime:0.0240s ]
SQL: SELECT a.*,a.id as user_id,GROUP_CONCAT(DISTINCT c.role_name) as role_name,e.*,e.id as privliege_id,GROUP_CONCAT(DISTINCT e.controller) as authority FROM wms_admin a LEFT JOIN wms_admin_role as b on a.id=b.admin_id LEFT JOIN wms_role as c on c.id=b.role_id LEFT JOIN wms_role_privilege as d on c.id=d.role_id LEFT JOIN wms_privilege as e on d.privliege_id=e.id  WHERE a.id = '38' GROUP BY b.admin_id LIMIT 1   [ RunTime:0.0030s ]
NOTIC: [2048] Declaration of Home\Model\GoodsModel::_after_delete() should be compatible with Think\Model::_after_delete($data, $options) E:\wamp\www\wms\Application\Home\Model\GoodsModel.class.php 第 519 行.
SQL: SHOW COLUMNS FROM `wms_goods` [ RunTime:0.0310s ]
SQL: DELETE FROM `wms_goods` WHERE `id` = 42 [ RunTime:0.0010s ]
SQL: SHOW COLUMNS FROM `wms_goods_category` [ RunTime:0.0460s ]
SQL: DELETE FROM `wms_goods_category` WHERE `goods_id` = 42 [ RunTime:0.0000s ]
SQL: SHOW COLUMNS FROM `wms_goods_attrbute` [ RunTime:0.0240s ]
SQL: DELETE FROM `wms_goods_attrbute` WHERE `goods_id` = 42 [ RunTime:0.0000s ]

[ 2017-03-24T10:34:24+08:00 ] 127.0.0.1 /index.php/Input/delete/id/43
INFO: [ app_begin ] --START--
INFO: Run Behavior\ReadHtmlCacheBehavior [ RunTime:0.000000s ]
INFO: [ app_begin ] --END-- [ RunTime:0.000000s ]
SQL: SHOW COLUMNS FROM `wms_admin` [ RunTime:0.0156s ]
SQL: SELECT a.*,a.id as user_id,GROUP_CONCAT(DISTINCT c.role_name) as role_name,e.*,e.id as privliege_id,GROUP_CONCAT(DISTINCT e.controller) as authority FROM wms_admin a LEFT JOIN wms_admin_role as b on a.id=b.admin_id LEFT JOIN wms_role as c on c.id=b.role_id LEFT JOIN wms_role_privilege as d on c.id=d.role_id LEFT JOIN wms_privilege as e on d.privliege_id=e.id  WHERE a.id = '38' GROUP BY b.admin_id LIMIT 1   [ RunTime:0.0000s ]
NOTIC: [2048] Declaration of Home\Model\GoodsModel::_after_delete() should be compatible with Think\Model::_after_delete($data, $options) E:\wamp\www\wms\Application\Home\Model\GoodsModel.class.php 第 519 行.
SQL: SHOW COLUMNS FROM `wms_goods` [ RunTime:0.0156s ]
SQL: DELETE FROM `wms_goods` WHERE `id` = 43 [ RunTime:0.0166s ]
SQL: SHOW COLUMNS FROM `wms_goods_category` [ RunTime:0.0150s ]
SQL: DELETE FROM `wms_goods_category` WHERE `goods_id` = 43 [ RunTime:0.0000s ]
SQL: SHOW COLUMNS FROM `wms_goods_attrbute` [ RunTime:0.0362s ]
SQL: DELETE FROM `wms_goods_attrbute` WHERE `goods_id` = 43 [ RunTime:0.0000s ]

[ 2017-03-24T10:34:28+08:00 ] 127.0.0.1 /index.php/Input/delete/id/40
INFO: [ app_begin ] --START--
INFO: Run Behavior\ReadHtmlCacheBehavior [ RunTime:0.001000s ]
INFO: [ app_begin ] --END-- [ RunTime:0.002000s ]
SQL: SHOW COLUMNS FROM `wms_admin` [ RunTime:0.0000s ]
SQL: SELECT a.*,a.id as user_id,GROUP_CONCAT(DISTINCT c.role_name) as role_name,e.*,e.id as privliege_id,GROUP_CONCAT(DISTINCT e.controller) as authority FROM wms_admin a LEFT JOIN wms_admin_role as b on a.id=b.admin_id LEFT JOIN wms_role as c on c.id=b.role_id LEFT JOIN wms_role_privilege as d on c.id=d.role_id LEFT JOIN wms_privilege as e on d.privliege_id=e.id  WHERE a.id = '38' GROUP BY b.admin_id LIMIT 1   [ RunTime:0.0000s ]
NOTIC: [2048] Declaration of Home\Model\GoodsModel::_after_delete() should be compatible with Think\Model::_after_delete($data, $options) E:\wamp\www\wms\Application\Home\Model\GoodsModel.class.php 第 519 行.
SQL: SHOW COLUMNS FROM `wms_goods` [ RunTime:0.0110s ]
SQL: DELETE FROM `wms_goods` WHERE `id` = 40 [ RunTime:0.0972s ]
SQL: SHOW COLUMNS FROM `wms_goods_category` [ RunTime:0.0010s ]
SQL: DELETE FROM `wms_goods_category` WHERE `goods_id` = 40 [ RunTime:0.0000s ]
SQL: SHOW COLUMNS FROM `wms_goods_attrbute` [ RunTime:0.0140s ]
SQL: DELETE FROM `wms_goods_attrbute` WHERE `goods_id` = 40 [ RunTime:0.0000s ]

[ 2017-03-24T10:34:30+08:00 ] 127.0.0.1 /index.php/Input/delete/id/44
INFO: [ app_begin ] --START--
INFO: Run Behavior\ReadHtmlCacheBehavior [ RunTime:0.000000s ]
INFO: [ app_begin ] --END-- [ RunTime:0.000000s ]
SQL: SHOW COLUMNS FROM `wms_admin` [ RunTime:0.0322s ]
SQL: SELECT a.*,a.id as user_id,GROUP_CONCAT(DISTINCT c.role_name) as role_name,e.*,e.id as privliege_id,GROUP_CONCAT(DISTINCT e.controller) as authority FROM wms_admin a LEFT JOIN wms_admin_role as b on a.id=b.admin_id LEFT JOIN wms_role as c on c.id=b.role_id LEFT JOIN wms_role_privilege as d on c.id=d.role_id LEFT JOIN wms_privilege as e on d.privliege_id=e.id  WHERE a.id = '38' GROUP BY b.admin_id LIMIT 1   [ RunTime:0.0000s ]
NOTIC: [2048] Declaration of Home\Model\GoodsModel::_after_delete() should be compatible with Think\Model::_after_delete($data, $options) E:\wamp\www\wms\Application\Home\Model\GoodsModel.class.php 第 519 行.
SQL: SHOW COLUMNS FROM `wms_goods` [ RunTime:0.0000s ]
SQL: DELETE FROM `wms_goods` WHERE `id` = 44 [ RunTime:0.1512s ]
SQL: SHOW COLUMNS FROM `wms_goods_category` [ RunTime:0.0472s ]
SQL: DELETE FROM `wms_goods_category` WHERE `goods_id` = 44 [ RunTime:0.0000s ]
SQL: SHOW COLUMNS FROM `wms_goods_attrbute` [ RunTime:0.0010s ]
SQL: DELETE FROM `wms_goods_attrbute` WHERE `goods_id` = 44 [ RunTime:0.0000s ]

[ 2017-03-24T10:34:32+08:00 ] 127.0.0.1 /index.php/Input/delete/id/45
INFO: [ app_begin ] --START--
INFO: Run Behavior\ReadHtmlCacheBehavior [ RunTime:0.000000s ]
INFO: [ app_begin ] --END-- [ RunTime:0.000000s ]
SQL: SHOW COLUMNS FROM `wms_admin` [ RunTime:0.0156s ]
SQL: SELECT a.*,a.id as user_id,GROUP_CONCAT(DISTINCT c.role_name) as role_name,e.*,e.id as privliege_id,GROUP_CONCAT(DISTINCT e.controller) as authority FROM wms_admin a LEFT JOIN wms_admin_role as b on a.id=b.admin_id LEFT JOIN wms_role as c on c.id=b.role_id LEFT JOIN wms_role_privilege as d on c.id=d.role_id LEFT JOIN wms_privilege as e on d.privliege_id=e.id  WHERE a.id = '38' GROUP BY b.admin_id LIMIT 1   [ RunTime:0.0156s ]
NOTIC: [2048] Declaration of Home\Model\GoodsModel::_after_delete() should be compatible with Think\Model::_after_delete($data, $options) E:\wamp\www\wms\Application\Home\Model\GoodsModel.class.php 第 519 行.
SQL: SHOW COLUMNS FROM `wms_goods` [ RunTime:0.0156s ]
SQL: DELETE FROM `wms_goods` WHERE `id` = 45 [ RunTime:0.0312s ]
SQL: SHOW COLUMNS FROM `wms_goods_category` [ RunTime:0.0156s ]
SQL: DELETE FROM `wms_goods_category` WHERE `goods_id` = 45 [ RunTime:0.0000s ]
SQL: SHOW COLUMNS FROM `wms_goods_attrbute` [ RunTime:0.0156s ]
SQL: DELETE FROM `wms_goods_attrbute` WHERE `goods_id` = 45 [ RunTime:0.0000s ]

[ 2017-03-24T10:34:37+08:00 ] 127.0.0.1 /index.php/Input/delete/id/39
INFO: [ app_begin ] --START--
INFO: Run Behavior\ReadHtmlCacheBehavior [ RunTime:0.016600s ]
INFO: [ app_begin ] --END-- [ RunTime:0.017600s ]
SQL: SHOW COLUMNS FROM `wms_admin` [ RunTime:0.0156s ]
SQL: SELECT a.*,a.id as user_id,GROUP_CONCAT(DISTINCT c.role_name) as role_name,e.*,e.id as privliege_id,GROUP_CONCAT(DISTINCT e.controller) as authority FROM wms_admin a LEFT JOIN wms_admin_role as b on a.id=b.admin_id LEFT JOIN wms_role as c on c.id=b.role_id LEFT JOIN wms_role_privilege as d on c.id=d.role_id LEFT JOIN wms_privilege as e on d.privliege_id=e.id  WHERE a.id = '38' GROUP BY b.admin_id LIMIT 1   [ RunTime:0.0000s ]
NOTIC: [2048] Declaration of Home\Model\GoodsModel::_after_delete() should be compatible with Think\Model::_after_delete($data, $options) E:\wamp\www\wms\Application\Home\Model\GoodsModel.class.php 第 519 行.
SQL: SHOW COLUMNS FROM `wms_goods` [ RunTime:0.0156s ]
SQL: DELETE FROM `wms_goods` WHERE `id` = 39 [ RunTime:0.0624s ]
SQL: SHOW COLUMNS FROM `wms_goods_category` [ RunTime:0.0156s ]
SQL: DELETE FROM `wms_goods_category` WHERE `goods_id` = 39 [ RunTime:0.0000s ]
SQL: SHOW COLUMNS FROM `wms_goods_attrbute` [ RunTime:0.0156s ]
SQL: DELETE FROM `wms_goods_attrbute` WHERE `goods_id` = 39 [ RunTime:0.0000s ]

[ 2017-03-24T11:04:09+08:00 ] 127.0.0.1 /index.php/Input/delete/id/47
INFO: [ app_begin ] --START--
INFO: Run Behavior\ReadHtmlCacheBehavior [ RunTime:0.002000s ]
INFO: [ app_begin ] --END-- [ RunTime:0.003000s ]
SQL: SHOW COLUMNS FROM `wms_admin` [ RunTime:0.0156s ]
SQL: SELECT a.*,a.id as user_id,GROUP_CONCAT(DISTINCT c.role_name) as role_name,e.*,e.id as privliege_id,GROUP_CONCAT(DISTINCT e.controller) as authority FROM wms_admin a LEFT JOIN wms_admin_role as b on a.id=b.admin_id LEFT JOIN wms_role as c on c.id=b.role_id LEFT JOIN wms_role_privilege as d on c.id=d.role_id LEFT JOIN wms_privilege as e on d.privliege_id=e.id  WHERE a.id = '38' GROUP BY b.admin_id LIMIT 1   [ RunTime:0.0000s ]
NOTIC: [2048] Declaration of Home\Model\GoodsModel::_after_delete() should be compatible with Think\Model::_after_delete($data, $options) E:\wamp\www\wms\Application\Home\Model\GoodsModel.class.php 第 519 行.
SQL: SHOW COLUMNS FROM `wms_goods` [ RunTime:0.0422s ]
SQL: DELETE FROM `wms_goods` WHERE `id` = 47 [ RunTime:0.0638s ]
SQL: SHOW COLUMNS FROM `wms_goods_category` [ RunTime:0.0312s ]
SQL: DELETE FROM `wms_goods_category` WHERE `goods_id` = 47 [ RunTime:0.0156s ]
SQL: SHOW COLUMNS FROM `wms_goods_attrbute` [ RunTime:0.0312s ]
SQL: DELETE FROM `wms_goods_attrbute` WHERE `goods_id` = 47 [ RunTime:0.0000s ]

[ 2017-03-24T11:04:12+08:00 ] 127.0.0.1 /index.php/Input/delete/id/48
INFO: [ app_begin ] --START--
INFO: Run Behavior\ReadHtmlCacheBehavior [ RunTime:0.001000s ]
INFO: [ app_begin ] --END-- [ RunTime:0.003000s ]
SQL: SHOW COLUMNS FROM `wms_admin` [ RunTime:0.0156s ]
SQL: SELECT a.*,a.id as user_id,GROUP_CONCAT(DISTINCT c.role_name) as role_name,e.*,e.id as privliege_id,GROUP_CONCAT(DISTINCT e.controller) as authority FROM wms_admin a LEFT JOIN wms_admin_role as b on a.id=b.admin_id LEFT JOIN wms_role as c on c.id=b.role_id LEFT JOIN wms_role_privilege as d on c.id=d.role_id LEFT JOIN wms_privilege as e on d.privliege_id=e.id  WHERE a.id = '38' GROUP BY b.admin_id LIMIT 1   [ RunTime:0.0000s ]
NOTIC: [2048] Declaration of Home\Model\GoodsModel::_after_delete() should be compatible with Think\Model::_after_delete($data, $options) E:\wamp\www\wms\Application\Home\Model\GoodsModel.class.php 第 519 行.
SQL: SHOW COLUMNS FROM `wms_goods` [ RunTime:0.0156s ]
SQL: DELETE FROM `wms_goods` WHERE `id` = 48 [ RunTime:0.0468s ]
SQL: SHOW COLUMNS FROM `wms_goods_category` [ RunTime:0.0000s ]
SQL: DELETE FROM `wms_goods_category` WHERE `goods_id` = 48 [ RunTime:0.0000s ]
SQL: SHOW COLUMNS FROM `wms_goods_attrbute` [ RunTime:0.0000s ]
SQL: DELETE FROM `wms_goods_attrbute` WHERE `goods_id` = 48 [ RunTime:0.0000s ]

[ 2017-03-24T17:16:45+08:00 ] 127.0.0.1 /index.php/Input/delete/id/49
INFO: [ app_begin ] --START--
INFO: Run Behavior\ReadHtmlCacheBehavior [ RunTime:0.000000s ]
INFO: [ app_begin ] --END-- [ RunTime:0.002500s ]
SQL: SHOW COLUMNS FROM `wms_admin` [ RunTime:0.0206s ]
SQL: SELECT a.*,a.id as user_id,GROUP_CONCAT(DISTINCT c.role_name) as role_name,e.*,e.id as privliege_id,GROUP_CONCAT(DISTINCT e.controller) as authority FROM wms_admin a LEFT JOIN wms_admin_role as b on a.id=b.admin_id LEFT JOIN wms_role as c on c.id=b.role_id LEFT JOIN wms_role_privilege as d on c.id=d.role_id LEFT JOIN wms_privilege as e on d.privliege_id=e.id  WHERE a.id = '38' GROUP BY b.admin_id LIMIT 1   [ RunTime:0.0000s ]
NOTIC: [2048] Declaration of Home\Model\GoodsModel::_after_delete() should be compatible with Think\Model::_after_delete($data, $options) E:\wamp\www\wms\Application\Home\Model\GoodsModel.class.php 第 519 行.
SQL: SHOW COLUMNS FROM `wms_goods` [ RunTime:0.0175s ]
SQL: DELETE FROM `wms_goods` WHERE `id` = 49 [ RunTime:0.3372s ]
SQL: SHOW COLUMNS FROM `wms_goods_category` [ RunTime:0.0687s ]
SQL: DELETE FROM `wms_goods_category` WHERE `goods_id` = 49 [ RunTime:0.0156s ]
SQL: SHOW COLUMNS FROM `wms_goods_attrbute` [ RunTime:0.0468s ]
SQL: DELETE FROM `wms_goods_attrbute` WHERE `goods_id` = 49 [ RunTime:0.0156s ]

[ 2017-03-24T17:16:49+08:00 ] 127.0.0.1 /index.php/Input/delete/id/50
INFO: [ app_begin ] --START--
INFO: Run Behavior\ReadHtmlCacheBehavior [ RunTime:0.000000s ]
INFO: [ app_begin ] --END-- [ RunTime:0.002500s ]
SQL: SHOW COLUMNS FROM `wms_admin` [ RunTime:0.0312s ]
SQL: SELECT a.*,a.id as user_id,GROUP_CONCAT(DISTINCT c.role_name) as role_name,e.*,e.id as privliege_id,GROUP_CONCAT(DISTINCT e.controller) as authority FROM wms_admin a LEFT JOIN wms_admin_role as b on a.id=b.admin_id LEFT JOIN wms_role as c on c.id=b.role_id LEFT JOIN wms_role_privilege as d on c.id=d.role_id LEFT JOIN wms_privilege as e on d.privliege_id=e.id  WHERE a.id = '38' GROUP BY b.admin_id LIMIT 1   [ RunTime:0.0156s ]
NOTIC: [2048] Declaration of Home\Model\GoodsModel::_after_delete() should be compatible with Think\Model::_after_delete($data, $options) E:\wamp\www\wms\Application\Home\Model\GoodsModel.class.php 第 519 行.
SQL: SHOW COLUMNS FROM `wms_goods` [ RunTime:0.0312s ]
SQL: DELETE FROM `wms_goods` WHERE `id` = 50 [ RunTime:0.0468s ]
SQL: SHOW COLUMNS FROM `wms_goods_category` [ RunTime:0.0025s ]
SQL: DELETE FROM `wms_goods_category` WHERE `goods_id` = 50 [ RunTime:0.0000s ]
SQL: SHOW COLUMNS FROM `wms_goods_attrbute` [ RunTime:0.0250s ]
SQL: DELETE FROM `wms_goods_attrbute` WHERE `goods_id` = 50 [ RunTime:0.0000s ]

[ 2017-03-24T17:16:53+08:00 ] 127.0.0.1 /index.php/Input/delete/id/51
INFO: [ app_begin ] --START--
INFO: Run Behavior\ReadHtmlCacheBehavior [ RunTime:0.000000s ]
INFO: [ app_begin ] --END-- [ RunTime:0.005000s ]
SQL: SHOW COLUMNS FROM `wms_admin` [ RunTime:0.0312s ]
SQL: SELECT a.*,a.id as user_id,GROUP_CONCAT(DISTINCT c.role_name) as role_name,e.*,e.id as privliege_id,GROUP_CONCAT(DISTINCT e.controller) as authority FROM wms_admin a LEFT JOIN wms_admin_role as b on a.id=b.admin_id LEFT JOIN wms_role as c on c.id=b.role_id LEFT JOIN wms_role_privilege as d on c.id=d.role_id LEFT JOIN wms_privilege as e on d.privliege_id=e.id  WHERE a.id = '38' GROUP BY b.admin_id LIMIT 1   [ RunTime:0.0000s ]
NOTIC: [2048] Declaration of Home\Model\GoodsModel::_after_delete() should be compatible with Think\Model::_after_delete($data, $options) E:\wamp\www\wms\Application\Home\Model\GoodsModel.class.php 第 519 行.
SQL: SHOW COLUMNS FROM `wms_goods` [ RunTime:0.0312s ]
SQL: DELETE FROM `wms_goods` WHERE `id` = 51 [ RunTime:0.0468s ]
SQL: SHOW COLUMNS FROM `wms_goods_category` [ RunTime:0.0156s ]
SQL: DELETE FROM `wms_goods_category` WHERE `goods_id` = 51 [ RunTime:0.0000s ]
SQL: SHOW COLUMNS FROM `wms_goods_attrbute` [ RunTime:0.0181s ]
SQL: DELETE FROM `wms_goods_attrbute` WHERE `goods_id` = 51 [ RunTime:0.0000s ]

