[ 2017-04-26T14:43:56+08:00 ] 127.0.0.1 /index.php/Input/delete/id/89
INFO: [ app_begin ] --START--
INFO: Run Behavior\ReadHtmlCacheBehavior [ RunTime:0.002500s ]
INFO: [ app_begin ] --END-- [ RunTime:0.002500s ]
SQL: SHOW COLUMNS FROM `wms_admin` [ RunTime:0.0375s ]
SQL: SELECT a.*,a.id as user_id,GROUP_CONCAT(DISTINCT c.role_name) as role_name,e.*,e.id as privliege_id,GROUP_CONCAT(DISTINCT e.controller) as authority FROM wms_admin a LEFT JOIN wms_admin_role as b on a.id=b.admin_id LEFT JOIN wms_role as c on c.id=b.role_id LEFT JOIN wms_role_privilege as d on c.id=d.role_id LEFT JOIN wms_privilege as e on d.privliege_id=e.id  WHERE a.id = '38' GROUP BY b.admin_id LIMIT 1   [ RunTime:0.0025s ]
NOTIC: [2048] Declaration of Home\Model\GoodsModel::_after_delete() should be compatible with Think\Model::_after_delete($data, $options) E:\wamp\www\wms\Application\Home\Model\GoodsModel.class.php 第 457 行.
SQL: SHOW COLUMNS FROM `wms_goods` [ RunTime:0.0755s ]
SQL: DELETE FROM `wms_goods` WHERE `id` = 89 [ RunTime:0.2150s ]
SQL: SHOW COLUMNS FROM `wms_goods_category` [ RunTime:0.0325s ]
SQL: DELETE FROM `wms_goods_category` WHERE `goods_id` = 89 [ RunTime:0.3450s ]
SQL: SHOW COLUMNS FROM `wms_goods_attrbute` [ RunTime:0.0450s ]
SQL: DELETE FROM `wms_goods_attrbute` WHERE `goods_id` = 89 [ RunTime:0.0000s ]

[ 2017-04-26T14:44:01+08:00 ] 127.0.0.1 /index.php/Input/delete/id/90
INFO: [ app_begin ] --START--
INFO: Run Behavior\ReadHtmlCacheBehavior [ RunTime:0.002500s ]
INFO: [ app_begin ] --END-- [ RunTime:0.005000s ]
SQL: SHOW COLUMNS FROM `wms_admin` [ RunTime:0.0300s ]
SQL: SELECT a.*,a.id as user_id,GROUP_CONCAT(DISTINCT c.role_name) as role_name,e.*,e.id as privliege_id,GROUP_CONCAT(DISTINCT e.controller) as authority FROM wms_admin a LEFT JOIN wms_admin_role as b on a.id=b.admin_id LEFT JOIN wms_role as c on c.id=b.role_id LEFT JOIN wms_role_privilege as d on c.id=d.role_id LEFT JOIN wms_privilege as e on d.privliege_id=e.id  WHERE a.id = '38' GROUP BY b.admin_id LIMIT 1   [ RunTime:0.0025s ]
NOTIC: [2048] Declaration of Home\Model\GoodsModel::_after_delete() should be compatible with Think\Model::_after_delete($data, $options) E:\wamp\www\wms\Application\Home\Model\GoodsModel.class.php 第 457 行.
SQL: SHOW COLUMNS FROM `wms_goods` [ RunTime:0.0300s ]
SQL: DELETE FROM `wms_goods` WHERE `id` = 90 [ RunTime:0.0650s ]
SQL: SHOW COLUMNS FROM `wms_goods_category` [ RunTime:0.0450s ]
SQL: DELETE FROM `wms_goods_category` WHERE `goods_id` = 90 [ RunTime:0.0625s ]
SQL: SHOW COLUMNS FROM `wms_goods_attrbute` [ RunTime:0.0325s ]
SQL: DELETE FROM `wms_goods_attrbute` WHERE `goods_id` = 90 [ RunTime:0.0025s ]

