[ 2017-03-22T11:56:59+08:00 ] 127.0.0.1 /index.php/Input/delete/id/37
INFO: [ app_begin ] --START--
INFO: Run Behavior\ReadHtmlCacheBehavior [ RunTime:0.000000s ]
INFO: [ app_begin ] --END-- [ RunTime:0.002500s ]
SQL: SHOW COLUMNS FROM `wms_admin` [ RunTime:0.0156s ]
SQL: SELECT a.*,a.id as user_id,GROUP_CONCAT(DISTINCT c.role_name) as role_name,e.*,e.id as privliege_id,GROUP_CONCAT(DISTINCT e.controller) as authority FROM wms_admin a LEFT JOIN wms_admin_role as b on a.id=b.admin_id LEFT JOIN wms_role as c on c.id=b.role_id LEFT JOIN wms_role_privilege as d on c.id=d.role_id LEFT JOIN wms_privilege as e on d.privliege_id=e.id  WHERE a.id = '38' GROUP BY b.admin_id LIMIT 1   [ RunTime:0.0000s ]
NOTIC: [2048] Declaration of Home\Model\GoodsModel::_after_delete() should be compatible with Think\Model::_after_delete($data, $options) E:\wamp\www\wms\Application\Home\Model\GoodsModel.class.php 第 503 行.
SQL: SHOW COLUMNS FROM `wms_goods` [ RunTime:0.0156s ]
SQL: DELETE FROM `wms_goods` WHERE `id` = 37 [ RunTime:0.0375s ]
SQL: SHOW COLUMNS FROM `wms_goods_category` [ RunTime:0.0468s ]
SQL: DELETE FROM `wms_goods_category` WHERE `goods_id` = 37 [ RunTime:0.0000s ]
SQL: SHOW COLUMNS FROM `wms_goods_attrbute` [ RunTime:0.0468s ]
SQL: DELETE FROM `wms_goods_attrbute` WHERE `goods_id` = 37 [ RunTime:0.0000s ]

[ 2017-03-22T12:01:34+08:00 ] 127.0.0.1 /index.php/Input/delete/id/38
INFO: [ app_begin ] --START--
INFO: Run Behavior\ReadHtmlCacheBehavior [ RunTime:0.002500s ]
INFO: [ app_begin ] --END-- [ RunTime:0.005000s ]
SQL: SHOW COLUMNS FROM `wms_admin` [ RunTime:0.0156s ]
SQL: SELECT a.*,a.id as user_id,GROUP_CONCAT(DISTINCT c.role_name) as role_name,e.*,e.id as privliege_id,GROUP_CONCAT(DISTINCT e.controller) as authority FROM wms_admin a LEFT JOIN wms_admin_role as b on a.id=b.admin_id LEFT JOIN wms_role as c on c.id=b.role_id LEFT JOIN wms_role_privilege as d on c.id=d.role_id LEFT JOIN wms_privilege as e on d.privliege_id=e.id  WHERE a.id = '38' GROUP BY b.admin_id LIMIT 1   [ RunTime:0.0156s ]
NOTIC: [2048] Declaration of Home\Model\GoodsModel::_after_delete() should be compatible with Think\Model::_after_delete($data, $options) E:\wamp\www\wms\Application\Home\Model\GoodsModel.class.php 第 503 行.
SQL: SHOW COLUMNS FROM `wms_goods` [ RunTime:0.0156s ]
SQL: DELETE FROM `wms_goods` WHERE `id` = 38 [ RunTime:0.1248s ]
SQL: SHOW COLUMNS FROM `wms_goods_category` [ RunTime:0.0312s ]
SQL: DELETE FROM `wms_goods_category` WHERE `goods_id` = 38 [ RunTime:0.0000s ]
SQL: SHOW COLUMNS FROM `wms_goods_attrbute` [ RunTime:0.0312s ]
SQL: DELETE FROM `wms_goods_attrbute` WHERE `goods_id` = 38 [ RunTime:0.0000s ]

[ 2017-03-22T13:27:11+08:00 ] 127.0.0.1 /index.php/Input/delete/id/39
INFO: [ app_begin ] --START--
INFO: Run Behavior\ReadHtmlCacheBehavior [ RunTime:0.003000s ]
INFO: [ app_begin ] --END-- [ RunTime:0.005000s ]
SQL: SHOW COLUMNS FROM `wms_admin` [ RunTime:0.0468s ]
SQL: SELECT a.*,a.id as user_id,GROUP_CONCAT(DISTINCT c.role_name) as role_name,e.*,e.id as privliege_id,GROUP_CONCAT(DISTINCT e.controller) as authority FROM wms_admin a LEFT JOIN wms_admin_role as b on a.id=b.admin_id LEFT JOIN wms_role as c on c.id=b.role_id LEFT JOIN wms_role_privilege as d on c.id=d.role_id LEFT JOIN wms_privilege as e on d.privliege_id=e.id  WHERE a.id = '38' GROUP BY b.admin_id LIMIT 1   [ RunTime:0.0000s ]
NOTIC: [2048] Declaration of Home\Model\GoodsModel::_after_delete() should be compatible with Think\Model::_after_delete($data, $options) E:\wamp\www\wms\Application\Home\Model\GoodsModel.class.php 第 510 行.
SQL: SHOW COLUMNS FROM `wms_goods` [ RunTime:0.0312s ]
SQL: DELETE FROM `wms_goods` WHERE `id` = 39 [ RunTime:0.0468s ]
SQL: SHOW COLUMNS FROM `wms_goods_category` [ RunTime:0.0156s ]
SQL: DELETE FROM `wms_goods_category` WHERE `goods_id` = 39 [ RunTime:0.0000s ]
SQL: SHOW COLUMNS FROM `wms_goods_attrbute` [ RunTime:0.0010s ]
SQL: DELETE FROM `wms_goods_attrbute` WHERE `goods_id` = 39 [ RunTime:0.0000s ]

[ 2017-03-22T13:27:15+08:00 ] 127.0.0.1 /index.php/Input/delete/id/40
INFO: [ app_begin ] --START--
INFO: Run Behavior\ReadHtmlCacheBehavior [ RunTime:0.002000s ]
INFO: [ app_begin ] --END-- [ RunTime:0.003000s ]
SQL: SHOW COLUMNS FROM `wms_admin` [ RunTime:0.0624s ]
SQL: SELECT a.*,a.id as user_id,GROUP_CONCAT(DISTINCT c.role_name) as role_name,e.*,e.id as privliege_id,GROUP_CONCAT(DISTINCT e.controller) as authority FROM wms_admin a LEFT JOIN wms_admin_role as b on a.id=b.admin_id LEFT JOIN wms_role as c on c.id=b.role_id LEFT JOIN wms_role_privilege as d on c.id=d.role_id LEFT JOIN wms_privilege as e on d.privliege_id=e.id  WHERE a.id = '38' GROUP BY b.admin_id LIMIT 1   [ RunTime:0.0156s ]
NOTIC: [2048] Declaration of Home\Model\GoodsModel::_after_delete() should be compatible with Think\Model::_after_delete($data, $options) E:\wamp\www\wms\Application\Home\Model\GoodsModel.class.php 第 510 行.
SQL: SHOW COLUMNS FROM `wms_goods` [ RunTime:0.0156s ]
SQL: DELETE FROM `wms_goods` WHERE `id` = 40 [ RunTime:0.0322s ]
SQL: SHOW COLUMNS FROM `wms_goods_category` [ RunTime:0.1258s ]
SQL: DELETE FROM `wms_goods_category` WHERE `goods_id` = 40 [ RunTime:0.0000s ]
SQL: SHOW COLUMNS FROM `wms_goods_attrbute` [ RunTime:0.0312s ]
SQL: DELETE FROM `wms_goods_attrbute` WHERE `goods_id` = 40 [ RunTime:0.0156s ]

[ 2017-03-22T13:32:23+08:00 ] 127.0.0.1 /index.php/Input/delete/id/41
INFO: [ app_begin ] --START--
INFO: Run Behavior\ReadHtmlCacheBehavior [ RunTime:0.000000s ]
INFO: [ app_begin ] --END-- [ RunTime:0.000000s ]
SQL: SHOW COLUMNS FROM `wms_admin` [ RunTime:0.0156s ]
SQL: SELECT a.*,a.id as user_id,GROUP_CONCAT(DISTINCT c.role_name) as role_name,e.*,e.id as privliege_id,GROUP_CONCAT(DISTINCT e.controller) as authority FROM wms_admin a LEFT JOIN wms_admin_role as b on a.id=b.admin_id LEFT JOIN wms_role as c on c.id=b.role_id LEFT JOIN wms_role_privilege as d on c.id=d.role_id LEFT JOIN wms_privilege as e on d.privliege_id=e.id  WHERE a.id = '38' GROUP BY b.admin_id LIMIT 1   [ RunTime:0.0000s ]
NOTIC: [2048] Declaration of Home\Model\GoodsModel::_after_delete() should be compatible with Think\Model::_after_delete($data, $options) E:\wamp\www\wms\Application\Home\Model\GoodsModel.class.php 第 509 行.
SQL: SHOW COLUMNS FROM `wms_goods` [ RunTime:0.0020s ]
SQL: DELETE FROM `wms_goods` WHERE `id` = 41 [ RunTime:0.0668s ]
SQL: SHOW COLUMNS FROM `wms_goods_category` [ RunTime:0.0156s ]
SQL: DELETE FROM `wms_goods_category` WHERE `goods_id` = 41 [ RunTime:0.0000s ]
SQL: SHOW COLUMNS FROM `wms_goods_attrbute` [ RunTime:0.0156s ]
SQL: DELETE FROM `wms_goods_attrbute` WHERE `goods_id` = 41 [ RunTime:0.0000s ]

[ 2017-03-22T13:32:30+08:00 ] 127.0.0.1 /index.php/Input/delete/id/42
INFO: [ app_begin ] --START--
INFO: Run Behavior\ReadHtmlCacheBehavior [ RunTime:0.001000s ]
INFO: [ app_begin ] --END-- [ RunTime:0.002000s ]
SQL: SHOW COLUMNS FROM `wms_admin` [ RunTime:0.0156s ]
SQL: SELECT a.*,a.id as user_id,GROUP_CONCAT(DISTINCT c.role_name) as role_name,e.*,e.id as privliege_id,GROUP_CONCAT(DISTINCT e.controller) as authority FROM wms_admin a LEFT JOIN wms_admin_role as b on a.id=b.admin_id LEFT JOIN wms_role as c on c.id=b.role_id LEFT JOIN wms_role_privilege as d on c.id=d.role_id LEFT JOIN wms_privilege as e on d.privliege_id=e.id  WHERE a.id = '38' GROUP BY b.admin_id LIMIT 1   [ RunTime:0.0000s ]
NOTIC: [2048] Declaration of Home\Model\GoodsModel::_after_delete() should be compatible with Think\Model::_after_delete($data, $options) E:\wamp\www\wms\Application\Home\Model\GoodsModel.class.php 第 509 行.
SQL: SHOW COLUMNS FROM `wms_goods` [ RunTime:0.0156s ]
SQL: DELETE FROM `wms_goods` WHERE `id` = 42 [ RunTime:0.0312s ]
SQL: SHOW COLUMNS FROM `wms_goods_category` [ RunTime:0.0468s ]
SQL: DELETE FROM `wms_goods_category` WHERE `goods_id` = 42 [ RunTime:0.0000s ]
SQL: SHOW COLUMNS FROM `wms_goods_attrbute` [ RunTime:0.0156s ]
SQL: DELETE FROM `wms_goods_attrbute` WHERE `goods_id` = 42 [ RunTime:0.0000s ]

[ 2017-03-22T13:34:30+08:00 ] 127.0.0.1 /index.php/Input/delete/id/43
INFO: [ app_begin ] --START--
INFO: Run Behavior\ReadHtmlCacheBehavior [ RunTime:0.000000s ]
INFO: [ app_begin ] --END-- [ RunTime:0.000000s ]
SQL: SHOW COLUMNS FROM `wms_admin` [ RunTime:0.0342s ]
SQL: SELECT a.*,a.id as user_id,GROUP_CONCAT(DISTINCT c.role_name) as role_name,e.*,e.id as privliege_id,GROUP_CONCAT(DISTINCT e.controller) as authority FROM wms_admin a LEFT JOIN wms_admin_role as b on a.id=b.admin_id LEFT JOIN wms_role as c on c.id=b.role_id LEFT JOIN wms_role_privilege as d on c.id=d.role_id LEFT JOIN wms_privilege as e on d.privliege_id=e.id  WHERE a.id = '38' GROUP BY b.admin_id LIMIT 1   [ RunTime:0.0000s ]
NOTIC: [2048] Declaration of Home\Model\GoodsModel::_after_delete() should be compatible with Think\Model::_after_delete($data, $options) E:\wamp\www\wms\Application\Home\Model\GoodsModel.class.php 第 509 行.
SQL: SHOW COLUMNS FROM `wms_goods` [ RunTime:0.0156s ]
SQL: DELETE FROM `wms_goods` WHERE `id` = 43 [ RunTime:0.0468s ]
SQL: SHOW COLUMNS FROM `wms_goods_category` [ RunTime:0.0100s ]
SQL: DELETE FROM `wms_goods_category` WHERE `goods_id` = 43 [ RunTime:0.0000s ]
SQL: SHOW COLUMNS FROM `wms_goods_attrbute` [ RunTime:0.0588s ]
SQL: DELETE FROM `wms_goods_attrbute` WHERE `goods_id` = 43 [ RunTime:0.0000s ]

[ 2017-03-22T13:34:32+08:00 ] 127.0.0.1 /index.php/Input/delete/id/44
INFO: [ app_begin ] --START--
INFO: Run Behavior\ReadHtmlCacheBehavior [ RunTime:0.000000s ]
INFO: [ app_begin ] --END-- [ RunTime:0.000000s ]
SQL: SHOW COLUMNS FROM `wms_admin` [ RunTime:0.0230s ]
SQL: SELECT a.*,a.id as user_id,GROUP_CONCAT(DISTINCT c.role_name) as role_name,e.*,e.id as privliege_id,GROUP_CONCAT(DISTINCT e.controller) as authority FROM wms_admin a LEFT JOIN wms_admin_role as b on a.id=b.admin_id LEFT JOIN wms_role as c on c.id=b.role_id LEFT JOIN wms_role_privilege as d on c.id=d.role_id LEFT JOIN wms_privilege as e on d.privliege_id=e.id  WHERE a.id = '38' GROUP BY b.admin_id LIMIT 1   [ RunTime:0.0020s ]
NOTIC: [2048] Declaration of Home\Model\GoodsModel::_after_delete() should be compatible with Think\Model::_after_delete($data, $options) E:\wamp\www\wms\Application\Home\Model\GoodsModel.class.php 第 509 行.
SQL: SHOW COLUMNS FROM `wms_goods` [ RunTime:0.0280s ]
SQL: DELETE FROM `wms_goods` WHERE `id` = 44 [ RunTime:0.1662s ]
SQL: SHOW COLUMNS FROM `wms_goods_category` [ RunTime:0.0156s ]
SQL: DELETE FROM `wms_goods_category` WHERE `goods_id` = 44 [ RunTime:0.0000s ]
SQL: SHOW COLUMNS FROM `wms_goods_attrbute` [ RunTime:0.0010s ]
SQL: DELETE FROM `wms_goods_attrbute` WHERE `goods_id` = 44 [ RunTime:0.0000s ]

[ 2017-03-22T13:34:35+08:00 ] 127.0.0.1 /index.php/Input/delete/id/44
INFO: [ app_begin ] --START--
INFO: Run Behavior\ReadHtmlCacheBehavior [ RunTime:0.000000s ]
INFO: [ app_begin ] --END-- [ RunTime:0.000000s ]
SQL: SHOW COLUMNS FROM `wms_admin` [ RunTime:0.0156s ]
SQL: SELECT a.*,a.id as user_id,GROUP_CONCAT(DISTINCT c.role_name) as role_name,e.*,e.id as privliege_id,GROUP_CONCAT(DISTINCT e.controller) as authority FROM wms_admin a LEFT JOIN wms_admin_role as b on a.id=b.admin_id LEFT JOIN wms_role as c on c.id=b.role_id LEFT JOIN wms_role_privilege as d on c.id=d.role_id LEFT JOIN wms_privilege as e on d.privliege_id=e.id  WHERE a.id = '38' GROUP BY b.admin_id LIMIT 1   [ RunTime:0.0000s ]
NOTIC: [2048] Declaration of Home\Model\GoodsModel::_after_delete() should be compatible with Think\Model::_after_delete($data, $options) E:\wamp\www\wms\Application\Home\Model\GoodsModel.class.php 第 509 行.
SQL: SHOW COLUMNS FROM `wms_goods` [ RunTime:0.0156s ]
SQL: DELETE FROM `wms_goods` WHERE `id` = 44 [ RunTime:0.0000s ]
SQL: SHOW COLUMNS FROM `wms_goods_category` [ RunTime:0.0156s ]
SQL: DELETE FROM `wms_goods_category` WHERE `goods_id` = 44 [ RunTime:0.0000s ]
SQL: SHOW COLUMNS FROM `wms_goods_attrbute` [ RunTime:0.0312s ]
SQL: DELETE FROM `wms_goods_attrbute` WHERE `goods_id` = 44 [ RunTime:0.0000s ]

[ 2017-03-22T13:34:41+08:00 ] 127.0.0.1 /index.php/Input/delete/id/44
INFO: [ app_begin ] --START--
INFO: Run Behavior\ReadHtmlCacheBehavior [ RunTime:0.003000s ]
INFO: [ app_begin ] --END-- [ RunTime:0.005000s ]
SQL: SHOW COLUMNS FROM `wms_admin` [ RunTime:0.0156s ]
SQL: SELECT a.*,a.id as user_id,GROUP_CONCAT(DISTINCT c.role_name) as role_name,e.*,e.id as privliege_id,GROUP_CONCAT(DISTINCT e.controller) as authority FROM wms_admin a LEFT JOIN wms_admin_role as b on a.id=b.admin_id LEFT JOIN wms_role as c on c.id=b.role_id LEFT JOIN wms_role_privilege as d on c.id=d.role_id LEFT JOIN wms_privilege as e on d.privliege_id=e.id  WHERE a.id = '38' GROUP BY b.admin_id LIMIT 1   [ RunTime:0.0000s ]
NOTIC: [2048] Declaration of Home\Model\GoodsModel::_after_delete() should be compatible with Think\Model::_after_delete($data, $options) E:\wamp\www\wms\Application\Home\Model\GoodsModel.class.php 第 509 行.
SQL: SHOW COLUMNS FROM `wms_goods` [ RunTime:0.0156s ]
SQL: DELETE FROM `wms_goods` WHERE `id` = 44 [ RunTime:0.0000s ]
SQL: SHOW COLUMNS FROM `wms_goods_category` [ RunTime:0.0156s ]
SQL: DELETE FROM `wms_goods_category` WHERE `goods_id` = 44 [ RunTime:0.0156s ]
SQL: SHOW COLUMNS FROM `wms_goods_attrbute` [ RunTime:0.0156s ]
SQL: DELETE FROM `wms_goods_attrbute` WHERE `goods_id` = 44 [ RunTime:0.0000s ]

[ 2017-03-22T13:34:49+08:00 ] 127.0.0.1 /index.php/Input/delete/id/44
INFO: [ app_begin ] --START--
INFO: Run Behavior\ReadHtmlCacheBehavior [ RunTime:0.015600s ]
INFO: [ app_begin ] --END-- [ RunTime:0.031199s ]
SQL: SHOW COLUMNS FROM `wms_admin` [ RunTime:0.0624s ]
SQL: SELECT a.*,a.id as user_id,GROUP_CONCAT(DISTINCT c.role_name) as role_name,e.*,e.id as privliege_id,GROUP_CONCAT(DISTINCT e.controller) as authority FROM wms_admin a LEFT JOIN wms_admin_role as b on a.id=b.admin_id LEFT JOIN wms_role as c on c.id=b.role_id LEFT JOIN wms_role_privilege as d on c.id=d.role_id LEFT JOIN wms_privilege as e on d.privliege_id=e.id  WHERE a.id = '38' GROUP BY b.admin_id LIMIT 1   [ RunTime:0.0156s ]
NOTIC: [2048] Declaration of Home\Model\GoodsModel::_after_delete() should be compatible with Think\Model::_after_delete($data, $options) E:\wamp\www\wms\Application\Home\Model\GoodsModel.class.php 第 509 行.
SQL: SHOW COLUMNS FROM `wms_goods` [ RunTime:0.0166s ]
SQL: DELETE FROM `wms_goods` WHERE `id` = 44 [ RunTime:0.0000s ]
SQL: SHOW COLUMNS FROM `wms_goods_category` [ RunTime:0.0312s ]
SQL: DELETE FROM `wms_goods_category` WHERE `goods_id` = 44 [ RunTime:0.0000s ]
SQL: SHOW COLUMNS FROM `wms_goods_attrbute` [ RunTime:0.0156s ]
SQL: DELETE FROM `wms_goods_attrbute` WHERE `goods_id` = 44 [ RunTime:0.0000s ]

[ 2017-03-22T13:36:10+08:00 ] 127.0.0.1 /index.php/Input/delete/id/46
INFO: [ app_begin ] --START--
INFO: Run Behavior\ReadHtmlCacheBehavior [ RunTime:0.001000s ]
INFO: [ app_begin ] --END-- [ RunTime:0.002000s ]
SQL: SHOW COLUMNS FROM `wms_admin` [ RunTime:0.0312s ]
SQL: SELECT a.*,a.id as user_id,GROUP_CONCAT(DISTINCT c.role_name) as role_name,e.*,e.id as privliege_id,GROUP_CONCAT(DISTINCT e.controller) as authority FROM wms_admin a LEFT JOIN wms_admin_role as b on a.id=b.admin_id LEFT JOIN wms_role as c on c.id=b.role_id LEFT JOIN wms_role_privilege as d on c.id=d.role_id LEFT JOIN wms_privilege as e on d.privliege_id=e.id  WHERE a.id = '38' GROUP BY b.admin_id LIMIT 1   [ RunTime:0.0156s ]
NOTIC: [2048] Declaration of Home\Model\GoodsModel::_after_delete() should be compatible with Think\Model::_after_delete($data, $options) E:\wamp\www\wms\Application\Home\Model\GoodsModel.class.php 第 510 行.
SQL: SHOW COLUMNS FROM `wms_goods` [ RunTime:0.0156s ]
SQL: DELETE FROM `wms_goods` WHERE `id` = 46 [ RunTime:0.0468s ]
SQL: SHOW COLUMNS FROM `wms_goods_category` [ RunTime:0.0312s ]
SQL: DELETE FROM `wms_goods_category` WHERE `goods_id` = 46 [ RunTime:0.0000s ]
SQL: SHOW COLUMNS FROM `wms_goods_attrbute` [ RunTime:0.0000s ]
SQL: DELETE FROM `wms_goods_attrbute` WHERE `goods_id` = 46 [ RunTime:0.0000s ]

[ 2017-03-22T13:36:22+08:00 ] 127.0.0.1 /index.php/Input/delete/id/45
INFO: [ app_begin ] --START--
INFO: Run Behavior\ReadHtmlCacheBehavior [ RunTime:0.001000s ]
INFO: [ app_begin ] --END-- [ RunTime:0.002000s ]
SQL: SHOW COLUMNS FROM `wms_admin` [ RunTime:0.0624s ]
SQL: SELECT a.*,a.id as user_id,GROUP_CONCAT(DISTINCT c.role_name) as role_name,e.*,e.id as privliege_id,GROUP_CONCAT(DISTINCT e.controller) as authority FROM wms_admin a LEFT JOIN wms_admin_role as b on a.id=b.admin_id LEFT JOIN wms_role as c on c.id=b.role_id LEFT JOIN wms_role_privilege as d on c.id=d.role_id LEFT JOIN wms_privilege as e on d.privliege_id=e.id  WHERE a.id = '38' GROUP BY b.admin_id LIMIT 1   [ RunTime:0.0000s ]
NOTIC: [2048] Declaration of Home\Model\GoodsModel::_after_delete() should be compatible with Think\Model::_after_delete($data, $options) E:\wamp\www\wms\Application\Home\Model\GoodsModel.class.php 第 510 行.
SQL: SHOW COLUMNS FROM `wms_goods` [ RunTime:0.0156s ]
SQL: DELETE FROM `wms_goods` WHERE `id` = 45 [ RunTime:0.0780s ]
SQL: SHOW COLUMNS FROM `wms_goods_category` [ RunTime:0.0312s ]
SQL: DELETE FROM `wms_goods_category` WHERE `goods_id` = 45 [ RunTime:0.0000s ]
SQL: SHOW COLUMNS FROM `wms_goods_attrbute` [ RunTime:0.0156s ]
SQL: DELETE FROM `wms_goods_attrbute` WHERE `goods_id` = 45 [ RunTime:0.0000s ]

[ 2017-03-22T13:37:57+08:00 ] 127.0.0.1 /index.php/Input/delete/id/47
INFO: [ app_begin ] --START--
INFO: Run Behavior\ReadHtmlCacheBehavior [ RunTime:0.000000s ]
INFO: [ app_begin ] --END-- [ RunTime:0.000000s ]
SQL: SHOW COLUMNS FROM `wms_admin` [ RunTime:0.0156s ]
SQL: SELECT a.*,a.id as user_id,GROUP_CONCAT(DISTINCT c.role_name) as role_name,e.*,e.id as privliege_id,GROUP_CONCAT(DISTINCT e.controller) as authority FROM wms_admin a LEFT JOIN wms_admin_role as b on a.id=b.admin_id LEFT JOIN wms_role as c on c.id=b.role_id LEFT JOIN wms_role_privilege as d on c.id=d.role_id LEFT JOIN wms_privilege as e on d.privliege_id=e.id  WHERE a.id = '38' GROUP BY b.admin_id LIMIT 1   [ RunTime:0.0000s ]
NOTIC: [2048] Declaration of Home\Model\GoodsModel::_after_delete() should be compatible with Think\Model::_after_delete($data, $options) E:\wamp\www\wms\Application\Home\Model\GoodsModel.class.php 第 510 行.
SQL: SHOW COLUMNS FROM `wms_goods` [ RunTime:0.0166s ]
SQL: DELETE FROM `wms_goods` WHERE `id` = 47 [ RunTime:0.0936s ]
SQL: SHOW COLUMNS FROM `wms_goods_category` [ RunTime:0.0156s ]
SQL: DELETE FROM `wms_goods_category` WHERE `goods_id` = 47 [ RunTime:0.0000s ]
SQL: SHOW COLUMNS FROM `wms_goods_attrbute` [ RunTime:0.0156s ]
SQL: DELETE FROM `wms_goods_attrbute` WHERE `goods_id` = 47 [ RunTime:0.0000s ]

[ 2017-03-22T13:38:02+08:00 ] 127.0.0.1 /index.php/Input/delete/id/48
INFO: [ app_begin ] --START--
INFO: Run Behavior\ReadHtmlCacheBehavior [ RunTime:0.001000s ]
INFO: [ app_begin ] --END-- [ RunTime:0.003000s ]
SQL: SHOW COLUMNS FROM `wms_admin` [ RunTime:0.0156s ]
SQL: SELECT a.*,a.id as user_id,GROUP_CONCAT(DISTINCT c.role_name) as role_name,e.*,e.id as privliege_id,GROUP_CONCAT(DISTINCT e.controller) as authority FROM wms_admin a LEFT JOIN wms_admin_role as b on a.id=b.admin_id LEFT JOIN wms_role as c on c.id=b.role_id LEFT JOIN wms_role_privilege as d on c.id=d.role_id LEFT JOIN wms_privilege as e on d.privliege_id=e.id  WHERE a.id = '38' GROUP BY b.admin_id LIMIT 1   [ RunTime:0.0000s ]
NOTIC: [2048] Declaration of Home\Model\GoodsModel::_after_delete() should be compatible with Think\Model::_after_delete($data, $options) E:\wamp\www\wms\Application\Home\Model\GoodsModel.class.php 第 510 行.
SQL: SHOW COLUMNS FROM `wms_goods` [ RunTime:0.0312s ]
SQL: DELETE FROM `wms_goods` WHERE `id` = 48 [ RunTime:0.0624s ]
SQL: SHOW COLUMNS FROM `wms_goods_category` [ RunTime:0.1192s ]
SQL: DELETE FROM `wms_goods_category` WHERE `goods_id` = 48 [ RunTime:0.0000s ]
SQL: SHOW COLUMNS FROM `wms_goods_attrbute` [ RunTime:0.0180s ]
SQL: DELETE FROM `wms_goods_attrbute` WHERE `goods_id` = 48 [ RunTime:0.0000s ]

[ 2017-03-22T13:38:52+08:00 ] 127.0.0.1 /index.php/Input/delete/id/49
INFO: [ app_begin ] --START--
INFO: Run Behavior\ReadHtmlCacheBehavior [ RunTime:0.000000s ]
INFO: [ app_begin ] --END-- [ RunTime:0.000000s ]
SQL: SHOW COLUMNS FROM `wms_admin` [ RunTime:0.0156s ]
SQL: SELECT a.*,a.id as user_id,GROUP_CONCAT(DISTINCT c.role_name) as role_name,e.*,e.id as privliege_id,GROUP_CONCAT(DISTINCT e.controller) as authority FROM wms_admin a LEFT JOIN wms_admin_role as b on a.id=b.admin_id LEFT JOIN wms_role as c on c.id=b.role_id LEFT JOIN wms_role_privilege as d on c.id=d.role_id LEFT JOIN wms_privilege as e on d.privliege_id=e.id  WHERE a.id = '38' GROUP BY b.admin_id LIMIT 1   [ RunTime:0.0000s ]
NOTIC: [2048] Declaration of Home\Model\GoodsModel::_after_delete() should be compatible with Think\Model::_after_delete($data, $options) E:\wamp\www\wms\Application\Home\Model\GoodsModel.class.php 第 510 行.
SQL: SHOW COLUMNS FROM `wms_goods` [ RunTime:0.0312s ]
SQL: DELETE FROM `wms_goods` WHERE `id` = 49 [ RunTime:0.0322s ]
SQL: SHOW COLUMNS FROM `wms_goods_category` [ RunTime:0.0010s ]
SQL: DELETE FROM `wms_goods_category` WHERE `goods_id` = 49 [ RunTime:0.0010s ]
SQL: SHOW COLUMNS FROM `wms_goods_attrbute` [ RunTime:0.0342s ]
SQL: DELETE FROM `wms_goods_attrbute` WHERE `goods_id` = 49 [ RunTime:0.0000s ]

[ 2017-03-22T13:38:56+08:00 ] 127.0.0.1 /index.php/Input/delete/id/50
INFO: [ app_begin ] --START--
INFO: Run Behavior\ReadHtmlCacheBehavior [ RunTime:0.001000s ]
INFO: [ app_begin ] --END-- [ RunTime:0.002000s ]
SQL: SHOW COLUMNS FROM `wms_admin` [ RunTime:0.0156s ]
SQL: SELECT a.*,a.id as user_id,GROUP_CONCAT(DISTINCT c.role_name) as role_name,e.*,e.id as privliege_id,GROUP_CONCAT(DISTINCT e.controller) as authority FROM wms_admin a LEFT JOIN wms_admin_role as b on a.id=b.admin_id LEFT JOIN wms_role as c on c.id=b.role_id LEFT JOIN wms_role_privilege as d on c.id=d.role_id LEFT JOIN wms_privilege as e on d.privliege_id=e.id  WHERE a.id = '38' GROUP BY b.admin_id LIMIT 1   [ RunTime:0.0000s ]
NOTIC: [2048] Declaration of Home\Model\GoodsModel::_after_delete() should be compatible with Think\Model::_after_delete($data, $options) E:\wamp\www\wms\Application\Home\Model\GoodsModel.class.php 第 510 行.
SQL: SHOW COLUMNS FROM `wms_goods` [ RunTime:0.0312s ]
SQL: DELETE FROM `wms_goods` WHERE `id` = 50 [ RunTime:0.0312s ]
SQL: SHOW COLUMNS FROM `wms_goods_category` [ RunTime:0.0000s ]
SQL: DELETE FROM `wms_goods_category` WHERE `goods_id` = 50 [ RunTime:0.0000s ]
SQL: SHOW COLUMNS FROM `wms_goods_attrbute` [ RunTime:0.0156s ]
SQL: DELETE FROM `wms_goods_attrbute` WHERE `goods_id` = 50 [ RunTime:0.0000s ]

[ 2017-03-22T13:41:00+08:00 ] 127.0.0.1 /index.php/Input/delete/id/51
INFO: [ app_begin ] --START--
INFO: Run Behavior\ReadHtmlCacheBehavior [ RunTime:0.000000s ]
INFO: [ app_begin ] --END-- [ RunTime:0.015600s ]
SQL: SHOW COLUMNS FROM `wms_admin` [ RunTime:0.0312s ]
SQL: SELECT a.*,a.id as user_id,GROUP_CONCAT(DISTINCT c.role_name) as role_name,e.*,e.id as privliege_id,GROUP_CONCAT(DISTINCT e.controller) as authority FROM wms_admin a LEFT JOIN wms_admin_role as b on a.id=b.admin_id LEFT JOIN wms_role as c on c.id=b.role_id LEFT JOIN wms_role_privilege as d on c.id=d.role_id LEFT JOIN wms_privilege as e on d.privliege_id=e.id  WHERE a.id = '38' GROUP BY b.admin_id LIMIT 1   [ RunTime:0.0156s ]
NOTIC: [2048] Declaration of Home\Model\GoodsModel::_after_delete() should be compatible with Think\Model::_after_delete($data, $options) E:\wamp\www\wms\Application\Home\Model\GoodsModel.class.php 第 508 行.
SQL: SHOW COLUMNS FROM `wms_goods` [ RunTime:0.0322s ]
SQL: DELETE FROM `wms_goods` WHERE `id` = 51 [ RunTime:0.0340s ]
SQL: SHOW COLUMNS FROM `wms_goods_category` [ RunTime:0.0372s ]
SQL: DELETE FROM `wms_goods_category` WHERE `goods_id` = 51 [ RunTime:0.0000s ]
SQL: SHOW COLUMNS FROM `wms_goods_attrbute` [ RunTime:0.0322s ]
SQL: DELETE FROM `wms_goods_attrbute` WHERE `goods_id` = 51 [ RunTime:0.0000s ]

[ 2017-03-22T13:41:04+08:00 ] 127.0.0.1 /index.php/Input/delete/id/52
INFO: [ app_begin ] --START--
INFO: Run Behavior\ReadHtmlCacheBehavior [ RunTime:0.000000s ]
INFO: [ app_begin ] --END-- [ RunTime:0.015600s ]
SQL: SHOW COLUMNS FROM `wms_admin` [ RunTime:0.0312s ]
SQL: SELECT a.*,a.id as user_id,GROUP_CONCAT(DISTINCT c.role_name) as role_name,e.*,e.id as privliege_id,GROUP_CONCAT(DISTINCT e.controller) as authority FROM wms_admin a LEFT JOIN wms_admin_role as b on a.id=b.admin_id LEFT JOIN wms_role as c on c.id=b.role_id LEFT JOIN wms_role_privilege as d on c.id=d.role_id LEFT JOIN wms_privilege as e on d.privliege_id=e.id  WHERE a.id = '38' GROUP BY b.admin_id LIMIT 1   [ RunTime:0.0000s ]
NOTIC: [2048] Declaration of Home\Model\GoodsModel::_after_delete() should be compatible with Think\Model::_after_delete($data, $options) E:\wamp\www\wms\Application\Home\Model\GoodsModel.class.php 第 508 行.
SQL: SHOW COLUMNS FROM `wms_goods` [ RunTime:0.0156s ]
SQL: DELETE FROM `wms_goods` WHERE `id` = 52 [ RunTime:0.0312s ]
SQL: SHOW COLUMNS FROM `wms_goods_category` [ RunTime:0.0312s ]
SQL: DELETE FROM `wms_goods_category` WHERE `goods_id` = 52 [ RunTime:0.0000s ]
SQL: SHOW COLUMNS FROM `wms_goods_attrbute` [ RunTime:0.0156s ]
SQL: DELETE FROM `wms_goods_attrbute` WHERE `goods_id` = 52 [ RunTime:0.0000s ]

[ 2017-03-22T13:41:25+08:00 ] 127.0.0.1 /index.php/Input/add
INFO: [ app_begin ] --START--
INFO: Run Behavior\ReadHtmlCacheBehavior [ RunTime:0.000000s ]
INFO: [ app_begin ] --END-- [ RunTime:0.000000s ]
SQL: SHOW COLUMNS FROM `wms_admin` [ RunTime:0.0000s ]
SQL: SELECT a.*,a.id as user_id,GROUP_CONCAT(DISTINCT c.role_name) as role_name,e.*,e.id as privliege_id,GROUP_CONCAT(DISTINCT e.controller) as authority FROM wms_admin a LEFT JOIN wms_admin_role as b on a.id=b.admin_id LEFT JOIN wms_role as c on c.id=b.role_id LEFT JOIN wms_role_privilege as d on c.id=d.role_id LEFT JOIN wms_privilege as e on d.privliege_id=e.id  WHERE a.id = '38' GROUP BY b.admin_id LIMIT 1   [ RunTime:0.0000s ]
NOTIC: [2048] Declaration of Home\Model\CategoryModel::_after_delete() should be compatible with Think\Model::_after_delete($data, $options) E:\wamp\www\wms\Application\Home\Model\CategoryModel.class.php 第 81 行.
SQL: SHOW COLUMNS FROM `wms_category` [ RunTime:0.0156s ]
SQL: SELECT `id`,`name` FROM `wms_category`  [ RunTime:0.0000s ]
NOTIC: [2048] Declaration of Home\Model\BrandModel::_after_delete() should be compatible with Think\Model::_after_delete($data, $options) E:\wamp\www\wms\Application\Home\Model\BrandModel.class.php 第 69 行.
SQL: SHOW COLUMNS FROM `wms_brand` [ RunTime:0.0156s ]
SQL: SELECT `id`,`name` FROM `wms_brand`  [ RunTime:0.0000s ]
SQL: SHOW COLUMNS FROM `wms_store` [ RunTime:0.0156s ]
SQL: SELECT `id`,`name` FROM `wms_store`  [ RunTime:0.0000s ]
NOTIC: [2048] Declaration of Home\Model\GoodsModel::_after_delete() should be compatible with Think\Model::_after_delete($data, $options) E:\wamp\www\wms\Application\Home\Model\GoodsModel.class.php 第 508 行.
SQL: SHOW COLUMNS FROM `wms_goods` [ RunTime:0.0156s ]
NOTIC: [8] Undefined index: validate E:\wamp\www\wms\ThinkPHP\Library\Think\Model.class.php 第 1185 行.
SQL: SELECT * FROM `wms_goods` WHERE `name` = 'PC' LIMIT 1   [ RunTime:0.0000s ]
NOTIC: [8] Undefined index: sn E:\wamp\www\wms\ThinkPHP\Library\Think\Model.class.php 第 1294 行.
SQL: SELECT * FROM `wms_goods` WHERE `sn` = null LIMIT 1   [ RunTime:0.0000s ]
NOTIC: [8] Undefined index: auto E:\wamp\www\wms\ThinkPHP\Library\Think\Model.class.php 第 1128 行.
NOTIC: [8] Undefined index: output_sum E:\wamp\www\wms\Application\Home\Model\GoodsModel.class.php 第 35 行.
SQL: INSERT INTO `wms_goods` (`name`,`asset_number`,`position`,`sum`,`price`,`brand_id`,`time`,`total`,`stock`) VALUES ('PC','1234','5F','3444','4444','10','1490161285','15305136','3444') [ RunTime:0.0322s ]
SQL: SHOW COLUMNS FROM `wms_goods_category` [ RunTime:0.0498s ]
SQL: INSERT INTO `wms_goods_category` (`goods_id`,`category_id`) VALUES ('53','10') [ RunTime:0.0156s ]

[ 2017-03-22T13:47:11+08:00 ] 127.0.0.1 /index.php/Input/delete/id/54
INFO: [ app_begin ] --START--
INFO: Run Behavior\ReadHtmlCacheBehavior [ RunTime:0.000000s ]
INFO: [ app_begin ] --END-- [ RunTime:0.000000s ]

[ 2017-03-22T14:41:49+08:00 ] 127.0.0.1 /index.php/Input/delete/id/54
INFO: [ app_begin ] --START--
INFO: Run Behavior\ReadHtmlCacheBehavior [ RunTime:0.000000s ]
INFO: [ app_begin ] --END-- [ RunTime:0.000000s ]
SQL: SHOW COLUMNS FROM `wms_admin` [ RunTime:0.0156s ]
SQL: SELECT a.*,a.id as user_id,GROUP_CONCAT(DISTINCT c.role_name) as role_name,e.*,e.id as privliege_id,GROUP_CONCAT(DISTINCT e.controller) as authority FROM wms_admin a LEFT JOIN wms_admin_role as b on a.id=b.admin_id LEFT JOIN wms_role as c on c.id=b.role_id LEFT JOIN wms_role_privilege as d on c.id=d.role_id LEFT JOIN wms_privilege as e on d.privliege_id=e.id  WHERE a.id = '38' GROUP BY b.admin_id LIMIT 1   [ RunTime:0.0000s ]
NOTIC: [2048] Declaration of Home\Model\GoodsModel::_after_delete() should be compatible with Think\Model::_after_delete($data, $options) E:\wamp\www\wms\Application\Home\Model\GoodsModel.class.php 第 519 行.
SQL: SHOW COLUMNS FROM `wms_goods` [ RunTime:0.0312s ]
SQL: DELETE FROM `wms_goods` WHERE `id` = 54 [ RunTime:0.0322s ]
SQL: SHOW COLUMNS FROM `wms_goods_category` [ RunTime:0.0568s ]
SQL: DELETE FROM `wms_goods_category` WHERE `goods_id` = 54 [ RunTime:0.0000s ]
SQL: SHOW COLUMNS FROM `wms_goods_attrbute` [ RunTime:0.0156s ]
SQL: DELETE FROM `wms_goods_attrbute` WHERE `goods_id` = 54 [ RunTime:0.0000s ]

[ 2017-03-22T14:41:51+08:00 ] 127.0.0.1 /index.php/Input/delete/id/55
INFO: [ app_begin ] --START--
INFO: Run Behavior\ReadHtmlCacheBehavior [ RunTime:0.002000s ]
INFO: [ app_begin ] --END-- [ RunTime:0.003000s ]
SQL: SHOW COLUMNS FROM `wms_admin` [ RunTime:0.0400s ]
SQL: SELECT a.*,a.id as user_id,GROUP_CONCAT(DISTINCT c.role_name) as role_name,e.*,e.id as privliege_id,GROUP_CONCAT(DISTINCT e.controller) as authority FROM wms_admin a LEFT JOIN wms_admin_role as b on a.id=b.admin_id LEFT JOIN wms_role as c on c.id=b.role_id LEFT JOIN wms_role_privilege as d on c.id=d.role_id LEFT JOIN wms_privilege as e on d.privliege_id=e.id  WHERE a.id = '38' GROUP BY b.admin_id LIMIT 1   [ RunTime:0.0020s ]
NOTIC: [2048] Declaration of Home\Model\GoodsModel::_after_delete() should be compatible with Think\Model::_after_delete($data, $options) E:\wamp\www\wms\Application\Home\Model\GoodsModel.class.php 第 519 行.
SQL: SHOW COLUMNS FROM `wms_goods` [ RunTime:0.0540s ]
SQL: DELETE FROM `wms_goods` WHERE `id` = 55 [ RunTime:0.1964s ]
SQL: SHOW COLUMNS FROM `wms_goods_category` [ RunTime:0.0312s ]
SQL: DELETE FROM `wms_goods_category` WHERE `goods_id` = 55 [ RunTime:0.0000s ]
SQL: SHOW COLUMNS FROM `wms_goods_attrbute` [ RunTime:0.0156s ]
SQL: DELETE FROM `wms_goods_attrbute` WHERE `goods_id` = 55 [ RunTime:0.0000s ]

[ 2017-03-22T14:41:55+08:00 ] 127.0.0.1 /index.php/Input/delete/id/55
INFO: [ app_begin ] --START--
INFO: Run Behavior\ReadHtmlCacheBehavior [ RunTime:0.000000s ]
INFO: [ app_begin ] --END-- [ RunTime:0.000000s ]
SQL: SHOW COLUMNS FROM `wms_admin` [ RunTime:0.0156s ]
SQL: SELECT a.*,a.id as user_id,GROUP_CONCAT(DISTINCT c.role_name) as role_name,e.*,e.id as privliege_id,GROUP_CONCAT(DISTINCT e.controller) as authority FROM wms_admin a LEFT JOIN wms_admin_role as b on a.id=b.admin_id LEFT JOIN wms_role as c on c.id=b.role_id LEFT JOIN wms_role_privilege as d on c.id=d.role_id LEFT JOIN wms_privilege as e on d.privliege_id=e.id  WHERE a.id = '38' GROUP BY b.admin_id LIMIT 1   [ RunTime:0.0000s ]
NOTIC: [2048] Declaration of Home\Model\GoodsModel::_after_delete() should be compatible with Think\Model::_after_delete($data, $options) E:\wamp\www\wms\Application\Home\Model\GoodsModel.class.php 第 519 行.
SQL: SHOW COLUMNS FROM `wms_goods` [ RunTime:0.0156s ]
SQL: DELETE FROM `wms_goods` WHERE `id` = 55 [ RunTime:0.0000s ]
SQL: SHOW COLUMNS FROM `wms_goods_category` [ RunTime:0.0156s ]
SQL: DELETE FROM `wms_goods_category` WHERE `goods_id` = 55 [ RunTime:0.0000s ]
SQL: SHOW COLUMNS FROM `wms_goods_attrbute` [ RunTime:0.0156s ]
SQL: DELETE FROM `wms_goods_attrbute` WHERE `goods_id` = 55 [ RunTime:0.0000s ]

